Point{id=id1479, cat=RESTAURANT, lat=-34.18663238347587, lon=143.505211640704}
Point{id=id1226, cat=RESTAURANT, lat=-34.02352415296188, lon=143.5579971069279}
Point{id=id1353, cat=RESTAURANT, lat=-34.545742087244896, lon=143.57284319621334}
Point{id=id1262, cat=RESTAURANT, lat=-34.5765988394416, lon=143.61051935063472}
Point{id=id360, cat=RESTAURANT, lat=-34.58639368990788, lon=143.53055879572761}

		Search Time = 0.010699079 sec

Point{id=id1479, cat=RESTAURANT, lat=-34.18663238347587, lon=143.505211640704}
Point{id=id1226, cat=RESTAURANT, lat=-34.02352415296188, lon=143.5579971069279}
Point{id=id1353, cat=RESTAURANT, lat=-34.545742087244896, lon=143.57284319621334}
Point{id=id1262, cat=RESTAURANT, lat=-34.5765988394416, lon=143.61051935063472}
Point{id=id360, cat=RESTAURANT, lat=-34.58639368990788, lon=143.53055879572761}
Point{id=id1456, cat=RESTAURANT, lat=-34.55537520655852, lon=143.43918042287498}
Point{id=id508, cat=RESTAURANT, lat=-34.416015154406935, lon=144.3745183698002}
Point{id=id469, cat=RESTAURANT, lat=-34.17559316947118, lon=143.16694884861047}
Point{id=id1210, cat=RESTAURANT, lat=-34.04052791458891, lon=144.4002048731538}
Point{id=id745, cat=RESTAURANT, lat=-34.17434347728233, lon=144.49228803778104}

		Search Time = 0.001358317 sec

Point{id=id1479, cat=RESTAURANT, lat=-34.18663238347587, lon=143.505211640704}
Point{id=id1226, cat=RESTAURANT, lat=-34.02352415296188, lon=143.5579971069279}
Point{id=id1353, cat=RESTAURANT, lat=-34.545742087244896, lon=143.57284319621334}
Point{id=id1262, cat=RESTAURANT, lat=-34.5765988394416, lon=143.61051935063472}
Point{id=id360, cat=RESTAURANT, lat=-34.58639368990788, lon=143.53055879572761}
Point{id=id1456, cat=RESTAURANT, lat=-34.55537520655852, lon=143.43918042287498}
Point{id=id508, cat=RESTAURANT, lat=-34.416015154406935, lon=144.3745183698002}
Point{id=id469, cat=RESTAURANT, lat=-34.17559316947118, lon=143.16694884861047}
Point{id=id1210, cat=RESTAURANT, lat=-34.04052791458891, lon=144.4002048731538}
Point{id=id745, cat=RESTAURANT, lat=-34.17434347728233, lon=144.49228803778104}
Point{id=id380, cat=RESTAURANT, lat=-34.08674918064493, lon=144.4759336086424}
Point{id=id868, cat=RESTAURANT, lat=-34.67484868550569, lon=143.07636375231618}
Point{id=id566, cat=RESTAURANT, lat=-34.98318544374564, lon=144.05426367472634}
Point{id=id1379, cat=RESTAURANT, lat=-34.97889468371966, lon=144.1560254530255}
Point{id=id526, cat=RESTAURANT, lat=-34.81326756038663, lon=143.13524125356932}

		Search Time = 0.001829896 sec

Point{id=id1479, cat=RESTAURANT, lat=-34.18663238347587, lon=143.505211640704}
Point{id=id1226, cat=RESTAURANT, lat=-34.02352415296188, lon=143.5579971069279}
Point{id=id1353, cat=RESTAURANT, lat=-34.545742087244896, lon=143.57284319621334}
Point{id=id1262, cat=RESTAURANT, lat=-34.5765988394416, lon=143.61051935063472}
Point{id=id360, cat=RESTAURANT, lat=-34.58639368990788, lon=143.53055879572761}
Point{id=id1456, cat=RESTAURANT, lat=-34.55537520655852, lon=143.43918042287498}
Point{id=id508, cat=RESTAURANT, lat=-34.416015154406935, lon=144.3745183698002}
Point{id=id469, cat=RESTAURANT, lat=-34.17559316947118, lon=143.16694884861047}
Point{id=id1210, cat=RESTAURANT, lat=-34.04052791458891, lon=144.4002048731538}
Point{id=id745, cat=RESTAURANT, lat=-34.17434347728233, lon=144.49228803778104}
Point{id=id380, cat=RESTAURANT, lat=-34.08674918064493, lon=144.4759336086424}
Point{id=id868, cat=RESTAURANT, lat=-34.67484868550569, lon=143.07636375231618}
Point{id=id566, cat=RESTAURANT, lat=-34.98318544374564, lon=144.05426367472634}
Point{id=id1379, cat=RESTAURANT, lat=-34.97889468371966, lon=144.1560254530255}
Point{id=id526, cat=RESTAURANT, lat=-34.81326756038663, lon=143.13524125356932}
Point{id=id938, cat=RESTAURANT, lat=-34.2409935337803, lon=142.85427789767422}
Point{id=id133, cat=RESTAURANT, lat=-34.97474056859925, lon=144.25644667453733}
Point{id=id934, cat=RESTAURANT, lat=-34.03414603785087, lon=144.84111079202913}
Point{id=id1171, cat=RESTAURANT, lat=-34.57537961929276, lon=144.8740123281264}
Point{id=id414, cat=RESTAURANT, lat=-34.578123344743354, lon=144.90478344346695}

		Search Time = 0.001885015 sec

Point{id=id1479, cat=RESTAURANT, lat=-34.18663238347587, lon=143.505211640704}
Point{id=id1226, cat=RESTAURANT, lat=-34.02352415296188, lon=143.5579971069279}
Point{id=id1353, cat=RESTAURANT, lat=-34.545742087244896, lon=143.57284319621334}
Point{id=id1262, cat=RESTAURANT, lat=-34.5765988394416, lon=143.61051935063472}
Point{id=id360, cat=RESTAURANT, lat=-34.58639368990788, lon=143.53055879572761}
Point{id=id1456, cat=RESTAURANT, lat=-34.55537520655852, lon=143.43918042287498}
Point{id=id508, cat=RESTAURANT, lat=-34.416015154406935, lon=144.3745183698002}
Point{id=id469, cat=RESTAURANT, lat=-34.17559316947118, lon=143.16694884861047}
Point{id=id1210, cat=RESTAURANT, lat=-34.04052791458891, lon=144.4002048731538}
Point{id=id745, cat=RESTAURANT, lat=-34.17434347728233, lon=144.49228803778104}
Point{id=id380, cat=RESTAURANT, lat=-34.08674918064493, lon=144.4759336086424}
Point{id=id868, cat=RESTAURANT, lat=-34.67484868550569, lon=143.07636375231618}
Point{id=id566, cat=RESTAURANT, lat=-34.98318544374564, lon=144.05426367472634}
Point{id=id1379, cat=RESTAURANT, lat=-34.97889468371966, lon=144.1560254530255}
Point{id=id526, cat=RESTAURANT, lat=-34.81326756038663, lon=143.13524125356932}
Point{id=id938, cat=RESTAURANT, lat=-34.2409935337803, lon=142.85427789767422}
Point{id=id133, cat=RESTAURANT, lat=-34.97474056859925, lon=144.25644667453733}
Point{id=id934, cat=RESTAURANT, lat=-34.03414603785087, lon=144.84111079202913}
Point{id=id1171, cat=RESTAURANT, lat=-34.57537961929276, lon=144.8740123281264}
Point{id=id414, cat=RESTAURANT, lat=-34.578123344743354, lon=144.90478344346695}
Point{id=id739, cat=RESTAURANT, lat=-34.34378188249957, lon=144.9669146022989}
Point{id=id1291, cat=RESTAURANT, lat=-34.877257702624675, lon=144.7240449684598}
Point{id=id615, cat=RESTAURANT, lat=-34.104355463022294, lon=142.57630661054264}
Point{id=id385, cat=RESTAURANT, lat=-34.890641814877654, lon=144.83837746896202}
Point{id=id99, cat=RESTAURANT, lat=-34.85420351456291, lon=142.65183051575661}

		Search Time = 0.002203774 sec

Point{id=id1479, cat=RESTAURANT, lat=-34.18663238347587, lon=143.505211640704}
Point{id=id1226, cat=RESTAURANT, lat=-34.02352415296188, lon=143.5579971069279}
Point{id=id1353, cat=RESTAURANT, lat=-34.545742087244896, lon=143.57284319621334}
Point{id=id1262, cat=RESTAURANT, lat=-34.5765988394416, lon=143.61051935063472}
Point{id=id360, cat=RESTAURANT, lat=-34.58639368990788, lon=143.53055879572761}
Point{id=id1456, cat=RESTAURANT, lat=-34.55537520655852, lon=143.43918042287498}
Point{id=id508, cat=RESTAURANT, lat=-34.416015154406935, lon=144.3745183698002}
Point{id=id469, cat=RESTAURANT, lat=-34.17559316947118, lon=143.16694884861047}
Point{id=id1210, cat=RESTAURANT, lat=-34.04052791458891, lon=144.4002048731538}
Point{id=id745, cat=RESTAURANT, lat=-34.17434347728233, lon=144.49228803778104}
Point{id=id380, cat=RESTAURANT, lat=-34.08674918064493, lon=144.4759336086424}
Point{id=id868, cat=RESTAURANT, lat=-34.67484868550569, lon=143.07636375231618}
Point{id=id566, cat=RESTAURANT, lat=-34.98318544374564, lon=144.05426367472634}
Point{id=id1379, cat=RESTAURANT, lat=-34.97889468371966, lon=144.1560254530255}
Point{id=id526, cat=RESTAURANT, lat=-34.81326756038663, lon=143.13524125356932}
Point{id=id938, cat=RESTAURANT, lat=-34.2409935337803, lon=142.85427789767422}
Point{id=id133, cat=RESTAURANT, lat=-34.97474056859925, lon=144.25644667453733}
Point{id=id934, cat=RESTAURANT, lat=-34.03414603785087, lon=144.84111079202913}
Point{id=id1171, cat=RESTAURANT, lat=-34.57537961929276, lon=144.8740123281264}
Point{id=id414, cat=RESTAURANT, lat=-34.578123344743354, lon=144.90478344346695}
Point{id=id739, cat=RESTAURANT, lat=-34.34378188249957, lon=144.9669146022989}
Point{id=id1291, cat=RESTAURANT, lat=-34.877257702624675, lon=144.7240449684598}
Point{id=id615, cat=RESTAURANT, lat=-34.104355463022294, lon=142.57630661054264}
Point{id=id385, cat=RESTAURANT, lat=-34.890641814877654, lon=144.83837746896202}
Point{id=id99, cat=RESTAURANT, lat=-34.85420351456291, lon=142.65183051575661}
Point{id=id68, cat=RESTAURANT, lat=-35.35070130014808, lon=143.42210530892666}
Point{id=id257, cat=RESTAURANT, lat=-34.93912867402129, lon=144.91818128206975}
Point{id=id282, cat=RESTAURANT, lat=-35.253156394979314, lon=143.12409259474487}
Point{id=id70, cat=RESTAURANT, lat=-35.1303980719334, lon=144.73179452205676}
Point{id=id105, cat=RESTAURANT, lat=-35.36304392620944, lon=144.27198661133323}

		Search Time = 0.002677302 sec

Point{id=id444, cat=RESTAURANT, lat=-35.844309553148435, lon=149.219699427411}
Point{id=id1431, cat=RESTAURANT, lat=-35.862605163066505, lon=149.07601424622428}
Point{id=id87, cat=RESTAURANT, lat=-36.04512468011094, lon=149.04400488241137}
Point{id=id607, cat=RESTAURANT, lat=-36.11984687265992, lon=149.62332337126708}
Point{id=id214, cat=RESTAURANT, lat=-36.06361630317213, lon=148.84248115844125}

		Search Time = 7.61435E-4 sec

Point{id=id444, cat=RESTAURANT, lat=-35.844309553148435, lon=149.219699427411}
Point{id=id1431, cat=RESTAURANT, lat=-35.862605163066505, lon=149.07601424622428}
Point{id=id87, cat=RESTAURANT, lat=-36.04512468011094, lon=149.04400488241137}
Point{id=id607, cat=RESTAURANT, lat=-36.11984687265992, lon=149.62332337126708}
Point{id=id214, cat=RESTAURANT, lat=-36.06361630317213, lon=148.84248115844125}
Point{id=id114, cat=RESTAURANT, lat=-36.37274121886729, lon=149.29220740494267}
Point{id=id1095, cat=RESTAURANT, lat=-36.43682659182725, lon=149.3110520687794}
Point{id=id504, cat=RESTAURANT, lat=-36.05121607928387, lon=148.712037275744}
Point{id=id997, cat=RESTAURANT, lat=-35.86260020597056, lon=148.62168478376557}
Point{id=id154, cat=RESTAURANT, lat=-36.366671372622505, lon=148.7996075122249}

		Search Time = 8.7189E-4 sec

Point{id=id444, cat=RESTAURANT, lat=-35.844309553148435, lon=149.219699427411}
Point{id=id1431, cat=RESTAURANT, lat=-35.862605163066505, lon=149.07601424622428}
Point{id=id87, cat=RESTAURANT, lat=-36.04512468011094, lon=149.04400488241137}
Point{id=id607, cat=RESTAURANT, lat=-36.11984687265992, lon=149.62332337126708}
Point{id=id214, cat=RESTAURANT, lat=-36.06361630317213, lon=148.84248115844125}
Point{id=id114, cat=RESTAURANT, lat=-36.37274121886729, lon=149.29220740494267}
Point{id=id1095, cat=RESTAURANT, lat=-36.43682659182725, lon=149.3110520687794}
Point{id=id504, cat=RESTAURANT, lat=-36.05121607928387, lon=148.712037275744}
Point{id=id997, cat=RESTAURANT, lat=-35.86260020597056, lon=148.62168478376557}
Point{id=id154, cat=RESTAURANT, lat=-36.366671372622505, lon=148.7996075122249}
Point{id=id251, cat=RESTAURANT, lat=-35.826199448648374, lon=149.99113479319794}
Point{id=id1112, cat=RESTAURANT, lat=-35.60262149943071, lon=148.7488376423497}
Point{id=id666, cat=RESTAURANT, lat=-36.43032306368596, lon=148.8440378029101}
Point{id=id882, cat=RESTAURANT, lat=-35.680180767258854, lon=149.9579742522184}
Point{id=id1284, cat=RESTAURANT, lat=-35.95167810652918, lon=148.53340443926965}

		Search Time = 0.001071351 sec

Point{id=id444, cat=RESTAURANT, lat=-35.844309553148435, lon=149.219699427411}
Point{id=id1431, cat=RESTAURANT, lat=-35.862605163066505, lon=149.07601424622428}
Point{id=id87, cat=RESTAURANT, lat=-36.04512468011094, lon=149.04400488241137}
Point{id=id607, cat=RESTAURANT, lat=-36.11984687265992, lon=149.62332337126708}
Point{id=id214, cat=RESTAURANT, lat=-36.06361630317213, lon=148.84248115844125}
Point{id=id114, cat=RESTAURANT, lat=-36.37274121886729, lon=149.29220740494267}
Point{id=id1095, cat=RESTAURANT, lat=-36.43682659182725, lon=149.3110520687794}
Point{id=id504, cat=RESTAURANT, lat=-36.05121607928387, lon=148.712037275744}
Point{id=id997, cat=RESTAURANT, lat=-35.86260020597056, lon=148.62168478376557}
Point{id=id154, cat=RESTAURANT, lat=-36.366671372622505, lon=148.7996075122249}
Point{id=id251, cat=RESTAURANT, lat=-35.826199448648374, lon=149.99113479319794}
Point{id=id1112, cat=RESTAURANT, lat=-35.60262149943071, lon=148.7488376423497}
Point{id=id666, cat=RESTAURANT, lat=-36.43032306368596, lon=148.8440378029101}
Point{id=id882, cat=RESTAURANT, lat=-35.680180767258854, lon=149.9579742522184}
Point{id=id1284, cat=RESTAURANT, lat=-35.95167810652918, lon=148.53340443926965}
Point{id=id174, cat=RESTAURANT, lat=-35.34922925868501, lon=148.96793206413702}
Point{id=id1330, cat=RESTAURANT, lat=-35.28727159128382, lon=149.48297280192736}
Point{id=id243, cat=RESTAURANT, lat=-35.35616122464296, lon=149.72890273801985}
Point{id=id1342, cat=RESTAURANT, lat=-36.407007933163094, lon=149.99683052251584}
Point{id=id336, cat=RESTAURANT, lat=-36.70782218286716, lon=149.30090133656083}

		Search Time = 0.001196298 sec

Point{id=id444, cat=RESTAURANT, lat=-35.844309553148435, lon=149.219699427411}
Point{id=id1431, cat=RESTAURANT, lat=-35.862605163066505, lon=149.07601424622428}
Point{id=id87, cat=RESTAURANT, lat=-36.04512468011094, lon=149.04400488241137}
Point{id=id607, cat=RESTAURANT, lat=-36.11984687265992, lon=149.62332337126708}
Point{id=id214, cat=RESTAURANT, lat=-36.06361630317213, lon=148.84248115844125}
Point{id=id114, cat=RESTAURANT, lat=-36.37274121886729, lon=149.29220740494267}
Point{id=id1095, cat=RESTAURANT, lat=-36.43682659182725, lon=149.3110520687794}
Point{id=id504, cat=RESTAURANT, lat=-36.05121607928387, lon=148.712037275744}
Point{id=id997, cat=RESTAURANT, lat=-35.86260020597056, lon=148.62168478376557}
Point{id=id154, cat=RESTAURANT, lat=-36.366671372622505, lon=148.7996075122249}
Point{id=id251, cat=RESTAURANT, lat=-35.826199448648374, lon=149.99113479319794}
Point{id=id1112, cat=RESTAURANT, lat=-35.60262149943071, lon=148.7488376423497}
Point{id=id666, cat=RESTAURANT, lat=-36.43032306368596, lon=148.8440378029101}
Point{id=id882, cat=RESTAURANT, lat=-35.680180767258854, lon=149.9579742522184}
Point{id=id1284, cat=RESTAURANT, lat=-35.95167810652918, lon=148.53340443926965}
Point{id=id174, cat=RESTAURANT, lat=-35.34922925868501, lon=148.96793206413702}
Point{id=id1330, cat=RESTAURANT, lat=-35.28727159128382, lon=149.48297280192736}
Point{id=id243, cat=RESTAURANT, lat=-35.35616122464296, lon=149.72890273801985}
Point{id=id1342, cat=RESTAURANT, lat=-36.407007933163094, lon=149.99683052251584}
Point{id=id336, cat=RESTAURANT, lat=-36.70782218286716, lon=149.30090133656083}
Point{id=id1225, cat=RESTAURANT, lat=-35.39168254804845, lon=148.7142173377078}
Point{id=id235, cat=RESTAURANT, lat=-36.00017340589308, lon=148.356534934298}
Point{id=id873, cat=RESTAURANT, lat=-35.367375146997865, lon=149.9557791782057}
Point{id=id1142, cat=RESTAURANT, lat=-35.22951816689255, lon=149.69299615795467}
Point{id=id971, cat=RESTAURANT, lat=-35.35521391950498, lon=149.96681546225537}

		Search Time = 0.001222866 sec

Point{id=id444, cat=RESTAURANT, lat=-35.844309553148435, lon=149.219699427411}
Point{id=id1431, cat=RESTAURANT, lat=-35.862605163066505, lon=149.07601424622428}
Point{id=id87, cat=RESTAURANT, lat=-36.04512468011094, lon=149.04400488241137}
Point{id=id607, cat=RESTAURANT, lat=-36.11984687265992, lon=149.62332337126708}
Point{id=id214, cat=RESTAURANT, lat=-36.06361630317213, lon=148.84248115844125}
Point{id=id114, cat=RESTAURANT, lat=-36.37274121886729, lon=149.29220740494267}
Point{id=id1095, cat=RESTAURANT, lat=-36.43682659182725, lon=149.3110520687794}
Point{id=id504, cat=RESTAURANT, lat=-36.05121607928387, lon=148.712037275744}
Point{id=id997, cat=RESTAURANT, lat=-35.86260020597056, lon=148.62168478376557}
Point{id=id154, cat=RESTAURANT, lat=-36.366671372622505, lon=148.7996075122249}
Point{id=id251, cat=RESTAURANT, lat=-35.826199448648374, lon=149.99113479319794}
Point{id=id1112, cat=RESTAURANT, lat=-35.60262149943071, lon=148.7488376423497}
Point{id=id666, cat=RESTAURANT, lat=-36.43032306368596, lon=148.8440378029101}
Point{id=id882, cat=RESTAURANT, lat=-35.680180767258854, lon=149.9579742522184}
Point{id=id1284, cat=RESTAURANT, lat=-35.95167810652918, lon=148.53340443926965}
Point{id=id174, cat=RESTAURANT, lat=-35.34922925868501, lon=148.96793206413702}
Point{id=id1330, cat=RESTAURANT, lat=-35.28727159128382, lon=149.48297280192736}
Point{id=id243, cat=RESTAURANT, lat=-35.35616122464296, lon=149.72890273801985}
Point{id=id1342, cat=RESTAURANT, lat=-36.407007933163094, lon=149.99683052251584}
Point{id=id336, cat=RESTAURANT, lat=-36.70782218286716, lon=149.30090133656083}
Point{id=id1225, cat=RESTAURANT, lat=-35.39168254804845, lon=148.7142173377078}
Point{id=id235, cat=RESTAURANT, lat=-36.00017340589308, lon=148.356534934298}
Point{id=id873, cat=RESTAURANT, lat=-35.367375146997865, lon=149.9557791782057}
Point{id=id1142, cat=RESTAURANT, lat=-35.22951816689255, lon=149.69299615795467}
Point{id=id971, cat=RESTAURANT, lat=-35.35521391950498, lon=149.96681546225537}
Point{id=id700, cat=RESTAURANT, lat=-36.23532801247308, lon=148.34558589125342}
Point{id=id558, cat=RESTAURANT, lat=-35.150025272285475, lon=149.11668651787974}
Point{id=id525, cat=RESTAURANT, lat=-36.76118466825772, lon=149.80563494851697}
Point{id=id1367, cat=RESTAURANT, lat=-35.16897393384668, lon=148.79306834400646}
Point{id=id947, cat=RESTAURANT, lat=-35.11092168415088, lon=148.93245828869786}

		Search Time = 0.001555533 sec

Point{id=id425, cat=EDUCATION, lat=-37.28295758440344, lon=142.50488334218895}
Point{id=id494, cat=EDUCATION, lat=-37.13560504580712, lon=142.2413150609471}
Point{id=id1393, cat=EDUCATION, lat=-37.74707042432922, lon=142.52449597270186}
Point{id=id864, cat=EDUCATION, lat=-37.159116410587046, lon=143.26856863713851}
Point{id=id690, cat=EDUCATION, lat=-37.828391387326924, lon=142.8162969827136}

		Search Time = 4.88575E-4 sec

Point{id=id425, cat=EDUCATION, lat=-37.28295758440344, lon=142.50488334218895}
Point{id=id494, cat=EDUCATION, lat=-37.13560504580712, lon=142.2413150609471}
Point{id=id1393, cat=EDUCATION, lat=-37.74707042432922, lon=142.52449597270186}
Point{id=id864, cat=EDUCATION, lat=-37.159116410587046, lon=143.26856863713851}
Point{id=id690, cat=EDUCATION, lat=-37.828391387326924, lon=142.8162969827136}
Point{id=id14, cat=EDUCATION, lat=-37.33876296573395, lon=141.98183558878515}
Point{id=id39, cat=EDUCATION, lat=-37.94049143510113, lon=142.99170172686328}
Point{id=id1161, cat=EDUCATION, lat=-38.012600006616886, lon=142.4306811310892}
Point{id=id280, cat=EDUCATION, lat=-36.97996853407913, lon=143.5462320011663}
Point{id=id731, cat=EDUCATION, lat=-37.44216761155981, lon=141.64435691955262}

		Search Time = 4.5969E-4 sec

Point{id=id425, cat=EDUCATION, lat=-37.28295758440344, lon=142.50488334218895}
Point{id=id494, cat=EDUCATION, lat=-37.13560504580712, lon=142.2413150609471}
Point{id=id1393, cat=EDUCATION, lat=-37.74707042432922, lon=142.52449597270186}
Point{id=id864, cat=EDUCATION, lat=-37.159116410587046, lon=143.26856863713851}
Point{id=id690, cat=EDUCATION, lat=-37.828391387326924, lon=142.8162969827136}
Point{id=id14, cat=EDUCATION, lat=-37.33876296573395, lon=141.98183558878515}
Point{id=id39, cat=EDUCATION, lat=-37.94049143510113, lon=142.99170172686328}
Point{id=id1161, cat=EDUCATION, lat=-38.012600006616886, lon=142.4306811310892}
Point{id=id280, cat=EDUCATION, lat=-36.97996853407913, lon=143.5462320011663}
Point{id=id731, cat=EDUCATION, lat=-37.44216761155981, lon=141.64435691955262}
Point{id=id592, cat=EDUCATION, lat=-38.174871988892995, lon=143.00675534078115}
Point{id=id1442, cat=EDUCATION, lat=-38.18120641499291, lon=142.41465251153915}
Point{id=id317, cat=EDUCATION, lat=-37.97052874105226, lon=143.52701214264778}
Point{id=id1325, cat=EDUCATION, lat=-36.43435712373268, lon=142.54440995706287}
Point{id=id4, cat=EDUCATION, lat=-36.54928561204948, lon=142.06018000063688}

		Search Time = 5.41502E-4 sec

Point{id=id425, cat=EDUCATION, lat=-37.28295758440344, lon=142.50488334218895}
Point{id=id494, cat=EDUCATION, lat=-37.13560504580712, lon=142.2413150609471}
Point{id=id1393, cat=EDUCATION, lat=-37.74707042432922, lon=142.52449597270186}
Point{id=id864, cat=EDUCATION, lat=-37.159116410587046, lon=143.26856863713851}
Point{id=id690, cat=EDUCATION, lat=-37.828391387326924, lon=142.8162969827136}
Point{id=id14, cat=EDUCATION, lat=-37.33876296573395, lon=141.98183558878515}
Point{id=id39, cat=EDUCATION, lat=-37.94049143510113, lon=142.99170172686328}
Point{id=id1161, cat=EDUCATION, lat=-38.012600006616886, lon=142.4306811310892}
Point{id=id280, cat=EDUCATION, lat=-36.97996853407913, lon=143.5462320011663}
Point{id=id731, cat=EDUCATION, lat=-37.44216761155981, lon=141.64435691955262}
Point{id=id592, cat=EDUCATION, lat=-38.174871988892995, lon=143.00675534078115}
Point{id=id1442, cat=EDUCATION, lat=-38.18120641499291, lon=142.41465251153915}
Point{id=id317, cat=EDUCATION, lat=-37.97052874105226, lon=143.52701214264778}
Point{id=id1325, cat=EDUCATION, lat=-36.43435712373268, lon=142.54440995706287}
Point{id=id4, cat=EDUCATION, lat=-36.54928561204948, lon=142.06018000063688}
Point{id=id113, cat=EDUCATION, lat=-37.624930556022434, lon=141.55735323967275}
Point{id=id965, cat=EDUCATION, lat=-36.636885938598304, lon=143.58629967611705}
Point{id=id1, cat=EDUCATION, lat=-37.67882543337512, lon=143.88225031889354}
Point{id=id1, cat=EDUCATION, lat=-37.67882543337512, lon=143.88225031889354}
Point{id=id1, cat=EDUCATION, lat=-37.67882543337512, lon=143.88225031889354}

		Search Time = 6.21849E-4 sec

Point{id=id425, cat=EDUCATION, lat=-37.28295758440344, lon=142.50488334218895}
Point{id=id494, cat=EDUCATION, lat=-37.13560504580712, lon=142.2413150609471}
Point{id=id1393, cat=EDUCATION, lat=-37.74707042432922, lon=142.52449597270186}
Point{id=id864, cat=EDUCATION, lat=-37.159116410587046, lon=143.26856863713851}
Point{id=id690, cat=EDUCATION, lat=-37.828391387326924, lon=142.8162969827136}
Point{id=id14, cat=EDUCATION, lat=-37.33876296573395, lon=141.98183558878515}
Point{id=id39, cat=EDUCATION, lat=-37.94049143510113, lon=142.99170172686328}
Point{id=id1161, cat=EDUCATION, lat=-38.012600006616886, lon=142.4306811310892}
Point{id=id280, cat=EDUCATION, lat=-36.97996853407913, lon=143.5462320011663}
Point{id=id731, cat=EDUCATION, lat=-37.44216761155981, lon=141.64435691955262}
Point{id=id592, cat=EDUCATION, lat=-38.174871988892995, lon=143.00675534078115}
Point{id=id1442, cat=EDUCATION, lat=-38.18120641499291, lon=142.41465251153915}
Point{id=id317, cat=EDUCATION, lat=-37.97052874105226, lon=143.52701214264778}
Point{id=id1325, cat=EDUCATION, lat=-36.43435712373268, lon=142.54440995706287}
Point{id=id4, cat=EDUCATION, lat=-36.54928561204948, lon=142.06018000063688}
Point{id=id113, cat=EDUCATION, lat=-37.624930556022434, lon=141.55735323967275}
Point{id=id965, cat=EDUCATION, lat=-36.636885938598304, lon=143.58629967611705}
Point{id=id1, cat=EDUCATION, lat=-37.67882543337512, lon=143.88225031889354}
Point{id=id1, cat=EDUCATION, lat=-37.67882543337512, lon=143.88225031889354}
Point{id=id1, cat=EDUCATION, lat=-37.67882543337512, lon=143.88225031889354}
Point{id=id1, cat=EDUCATION, lat=-37.67882543337512, lon=143.88225031889354}
Point{id=id1, cat=EDUCATION, lat=-37.67882543337512, lon=143.88225031889354}
Point{id=id1, cat=EDUCATION, lat=-37.67882543337512, lon=143.88225031889354}
Point{id=id1, cat=EDUCATION, lat=-37.67882543337512, lon=143.88225031889354}
Point{id=id1, cat=EDUCATION, lat=-37.67882543337512, lon=143.88225031889354}

		Search Time = 6.45141E-4 sec

Point{id=id425, cat=EDUCATION, lat=-37.28295758440344, lon=142.50488334218895}
Point{id=id494, cat=EDUCATION, lat=-37.13560504580712, lon=142.2413150609471}
Point{id=id1393, cat=EDUCATION, lat=-37.74707042432922, lon=142.52449597270186}
Point{id=id864, cat=EDUCATION, lat=-37.159116410587046, lon=143.26856863713851}
Point{id=id690, cat=EDUCATION, lat=-37.828391387326924, lon=142.8162969827136}
Point{id=id14, cat=EDUCATION, lat=-37.33876296573395, lon=141.98183558878515}
Point{id=id39, cat=EDUCATION, lat=-37.94049143510113, lon=142.99170172686328}
Point{id=id1161, cat=EDUCATION, lat=-38.012600006616886, lon=142.4306811310892}
Point{id=id280, cat=EDUCATION, lat=-36.97996853407913, lon=143.5462320011663}
Point{id=id731, cat=EDUCATION, lat=-37.44216761155981, lon=141.64435691955262}
Point{id=id592, cat=EDUCATION, lat=-38.174871988892995, lon=143.00675534078115}
Point{id=id1442, cat=EDUCATION, lat=-38.18120641499291, lon=142.41465251153915}
Point{id=id317, cat=EDUCATION, lat=-37.97052874105226, lon=143.52701214264778}
Point{id=id1325, cat=EDUCATION, lat=-36.43435712373268, lon=142.54440995706287}
Point{id=id4, cat=EDUCATION, lat=-36.54928561204948, lon=142.06018000063688}
Point{id=id113, cat=EDUCATION, lat=-37.624930556022434, lon=141.55735323967275}
Point{id=id965, cat=EDUCATION, lat=-36.636885938598304, lon=143.58629967611705}
Point{id=id1, cat=EDUCATION, lat=-37.67882543337512, lon=143.88225031889354}
Point{id=id1, cat=EDUCATION, lat=-37.67882543337512, lon=143.88225031889354}
Point{id=id1, cat=EDUCATION, lat=-37.67882543337512, lon=143.88225031889354}
Point{id=id1, cat=EDUCATION, lat=-37.67882543337512, lon=143.88225031889354}
Point{id=id1, cat=EDUCATION, lat=-37.67882543337512, lon=143.88225031889354}
Point{id=id1, cat=EDUCATION, lat=-37.67882543337512, lon=143.88225031889354}
Point{id=id1, cat=EDUCATION, lat=-37.67882543337512, lon=143.88225031889354}
Point{id=id1, cat=EDUCATION, lat=-37.67882543337512, lon=143.88225031889354}
Point{id=id1, cat=EDUCATION, lat=-37.67882543337512, lon=143.88225031889354}
Point{id=id1, cat=EDUCATION, lat=-37.67882543337512, lon=143.88225031889354}
Point{id=id1, cat=EDUCATION, lat=-37.67882543337512, lon=143.88225031889354}
Point{id=id1, cat=EDUCATION, lat=-37.67882543337512, lon=143.88225031889354}
Point{id=id1, cat=EDUCATION, lat=-37.67882543337512, lon=143.88225031889354}

		Search Time = 8.7125E-4 sec

Point{id=id889, cat=HOSPITAL, lat=-36.06558152960812, lon=142.91037793999666}
Point{id=id340, cat=HOSPITAL, lat=-35.94908876209596, lon=142.92520026650786}
Point{id=id377, cat=HOSPITAL, lat=-36.395674408541495, lon=143.37824191649023}
Point{id=id936, cat=HOSPITAL, lat=-35.948614923415626, lon=143.2116396349698}
Point{id=id220, cat=HOSPITAL, lat=-35.920788741649105, lon=143.22632587032527}

		Search Time = 9.51218E-4 sec

Point{id=id889, cat=HOSPITAL, lat=-36.06558152960812, lon=142.91037793999666}
Point{id=id340, cat=HOSPITAL, lat=-35.94908876209596, lon=142.92520026650786}
Point{id=id377, cat=HOSPITAL, lat=-36.395674408541495, lon=143.37824191649023}
Point{id=id936, cat=HOSPITAL, lat=-35.948614923415626, lon=143.2116396349698}
Point{id=id220, cat=HOSPITAL, lat=-35.920788741649105, lon=143.22632587032527}
Point{id=id1113, cat=HOSPITAL, lat=-35.96208962904953, lon=142.6682996589533}
Point{id=id58, cat=HOSPITAL, lat=-36.63074962493887, lon=143.3910332267605}
Point{id=id896, cat=HOSPITAL, lat=-35.723359599522915, lon=143.1836985246257}
Point{id=id177, cat=HOSPITAL, lat=-36.59326652594898, lon=142.5219487579086}
Point{id=id1455, cat=HOSPITAL, lat=-35.77176800534486, lon=142.6696270078365}

		Search Time = 0.001497032 sec

Point{id=id889, cat=HOSPITAL, lat=-36.06558152960812, lon=142.91037793999666}
Point{id=id340, cat=HOSPITAL, lat=-35.94908876209596, lon=142.92520026650786}
Point{id=id377, cat=HOSPITAL, lat=-36.395674408541495, lon=143.37824191649023}
Point{id=id936, cat=HOSPITAL, lat=-35.948614923415626, lon=143.2116396349698}
Point{id=id220, cat=HOSPITAL, lat=-35.920788741649105, lon=143.22632587032527}
Point{id=id1113, cat=HOSPITAL, lat=-35.96208962904953, lon=142.6682996589533}
Point{id=id58, cat=HOSPITAL, lat=-36.63074962493887, lon=143.3910332267605}
Point{id=id896, cat=HOSPITAL, lat=-35.723359599522915, lon=143.1836985246257}
Point{id=id177, cat=HOSPITAL, lat=-36.59326652594898, lon=142.5219487579086}
Point{id=id1455, cat=HOSPITAL, lat=-35.77176800534486, lon=142.6696270078365}
Point{id=id1319, cat=HOSPITAL, lat=-35.67744699702467, lon=142.99551076077952}
Point{id=id562, cat=HOSPITAL, lat=-36.735829755742856, lon=142.69058811409909}
Point{id=id43, cat=HOSPITAL, lat=-36.43024110920324, lon=142.31548096653043}
Point{id=id640, cat=HOSPITAL, lat=-36.15845671353776, lon=142.26808024123648}
Point{id=id1337, cat=HOSPITAL, lat=-36.82748185138011, lon=143.284445495458}

		Search Time = 0.001182773 sec

Point{id=id889, cat=HOSPITAL, lat=-36.06558152960812, lon=142.91037793999666}
Point{id=id340, cat=HOSPITAL, lat=-35.94908876209596, lon=142.92520026650786}
Point{id=id377, cat=HOSPITAL, lat=-36.395674408541495, lon=143.37824191649023}
Point{id=id936, cat=HOSPITAL, lat=-35.948614923415626, lon=143.2116396349698}
Point{id=id220, cat=HOSPITAL, lat=-35.920788741649105, lon=143.22632587032527}
Point{id=id1113, cat=HOSPITAL, lat=-35.96208962904953, lon=142.6682996589533}
Point{id=id58, cat=HOSPITAL, lat=-36.63074962493887, lon=143.3910332267605}
Point{id=id896, cat=HOSPITAL, lat=-35.723359599522915, lon=143.1836985246257}
Point{id=id177, cat=HOSPITAL, lat=-36.59326652594898, lon=142.5219487579086}
Point{id=id1455, cat=HOSPITAL, lat=-35.77176800534486, lon=142.6696270078365}
Point{id=id1319, cat=HOSPITAL, lat=-35.67744699702467, lon=142.99551076077952}
Point{id=id562, cat=HOSPITAL, lat=-36.735829755742856, lon=142.69058811409909}
Point{id=id43, cat=HOSPITAL, lat=-36.43024110920324, lon=142.31548096653043}
Point{id=id640, cat=HOSPITAL, lat=-36.15845671353776, lon=142.26808024123648}
Point{id=id1337, cat=HOSPITAL, lat=-36.82748185138011, lon=143.284445495458}
Point{id=id681, cat=HOSPITAL, lat=-36.040758550405485, lon=142.26488435373489}
Point{id=id564, cat=HOSPITAL, lat=-36.24574863056077, lon=143.8288875733243}
Point{id=id471, cat=HOSPITAL, lat=-35.58523587339325, lon=143.03442221516755}
Point{id=id1279, cat=HOSPITAL, lat=-35.765768195470955, lon=142.4096572153855}
Point{id=id1070, cat=HOSPITAL, lat=-35.574422792427725, lon=142.8049974783472}

		Search Time = 0.001211564 sec

Point{id=id889, cat=HOSPITAL, lat=-36.06558152960812, lon=142.91037793999666}
Point{id=id340, cat=HOSPITAL, lat=-35.94908876209596, lon=142.92520026650786}
Point{id=id377, cat=HOSPITAL, lat=-36.395674408541495, lon=143.37824191649023}
Point{id=id936, cat=HOSPITAL, lat=-35.948614923415626, lon=143.2116396349698}
Point{id=id220, cat=HOSPITAL, lat=-35.920788741649105, lon=143.22632587032527}
Point{id=id1113, cat=HOSPITAL, lat=-35.96208962904953, lon=142.6682996589533}
Point{id=id58, cat=HOSPITAL, lat=-36.63074962493887, lon=143.3910332267605}
Point{id=id896, cat=HOSPITAL, lat=-35.723359599522915, lon=143.1836985246257}
Point{id=id177, cat=HOSPITAL, lat=-36.59326652594898, lon=142.5219487579086}
Point{id=id1455, cat=HOSPITAL, lat=-35.77176800534486, lon=142.6696270078365}
Point{id=id1319, cat=HOSPITAL, lat=-35.67744699702467, lon=142.99551076077952}
Point{id=id562, cat=HOSPITAL, lat=-36.735829755742856, lon=142.69058811409909}
Point{id=id43, cat=HOSPITAL, lat=-36.43024110920324, lon=142.31548096653043}
Point{id=id640, cat=HOSPITAL, lat=-36.15845671353776, lon=142.26808024123648}
Point{id=id1337, cat=HOSPITAL, lat=-36.82748185138011, lon=143.284445495458}
Point{id=id681, cat=HOSPITAL, lat=-36.040758550405485, lon=142.26488435373489}
Point{id=id564, cat=HOSPITAL, lat=-36.24574863056077, lon=143.8288875733243}
Point{id=id471, cat=HOSPITAL, lat=-35.58523587339325, lon=143.03442221516755}
Point{id=id1279, cat=HOSPITAL, lat=-35.765768195470955, lon=142.4096572153855}
Point{id=id1070, cat=HOSPITAL, lat=-35.574422792427725, lon=142.8049974783472}
Point{id=id1115, cat=HOSPITAL, lat=-35.71278813487616, lon=143.5819487874643}
Point{id=id688, cat=HOSPITAL, lat=-36.62257607195465, lon=143.75798869972462}
Point{id=id1015, cat=HOSPITAL, lat=-35.973425509771765, lon=143.8460156744108}
Point{id=id93, cat=HOSPITAL, lat=-35.52087419540894, lon=142.99249038291632}
Point{id=id1355, cat=HOSPITAL, lat=-35.649233783591455, lon=142.51218774002135}

		Search Time = 0.001404651 sec

Point{id=id889, cat=HOSPITAL, lat=-36.06558152960812, lon=142.91037793999666}
Point{id=id340, cat=HOSPITAL, lat=-35.94908876209596, lon=142.92520026650786}
Point{id=id377, cat=HOSPITAL, lat=-36.395674408541495, lon=143.37824191649023}
Point{id=id936, cat=HOSPITAL, lat=-35.948614923415626, lon=143.2116396349698}
Point{id=id220, cat=HOSPITAL, lat=-35.920788741649105, lon=143.22632587032527}
Point{id=id1113, cat=HOSPITAL, lat=-35.96208962904953, lon=142.6682996589533}
Point{id=id58, cat=HOSPITAL, lat=-36.63074962493887, lon=143.3910332267605}
Point{id=id896, cat=HOSPITAL, lat=-35.723359599522915, lon=143.1836985246257}
Point{id=id177, cat=HOSPITAL, lat=-36.59326652594898, lon=142.5219487579086}
Point{id=id1455, cat=HOSPITAL, lat=-35.77176800534486, lon=142.6696270078365}
Point{id=id1319, cat=HOSPITAL, lat=-35.67744699702467, lon=142.99551076077952}
Point{id=id562, cat=HOSPITAL, lat=-36.735829755742856, lon=142.69058811409909}
Point{id=id43, cat=HOSPITAL, lat=-36.43024110920324, lon=142.31548096653043}
Point{id=id640, cat=HOSPITAL, lat=-36.15845671353776, lon=142.26808024123648}
Point{id=id1337, cat=HOSPITAL, lat=-36.82748185138011, lon=143.284445495458}
Point{id=id681, cat=HOSPITAL, lat=-36.040758550405485, lon=142.26488435373489}
Point{id=id564, cat=HOSPITAL, lat=-36.24574863056077, lon=143.8288875733243}
Point{id=id471, cat=HOSPITAL, lat=-35.58523587339325, lon=143.03442221516755}
Point{id=id1279, cat=HOSPITAL, lat=-35.765768195470955, lon=142.4096572153855}
Point{id=id1070, cat=HOSPITAL, lat=-35.574422792427725, lon=142.8049974783472}
Point{id=id1115, cat=HOSPITAL, lat=-35.71278813487616, lon=143.5819487874643}
Point{id=id688, cat=HOSPITAL, lat=-36.62257607195465, lon=143.75798869972462}
Point{id=id1015, cat=HOSPITAL, lat=-35.973425509771765, lon=143.8460156744108}
Point{id=id93, cat=HOSPITAL, lat=-35.52087419540894, lon=142.99249038291632}
Point{id=id1355, cat=HOSPITAL, lat=-35.649233783591455, lon=142.51218774002135}
Point{id=id432, cat=HOSPITAL, lat=-36.94239240982282, lon=142.8192924862734}
Point{id=id148, cat=HOSPITAL, lat=-36.16711985856392, lon=143.93404769927886}
Point{id=id315, cat=HOSPITAL, lat=-36.54742773732804, lon=143.8634494939066}
Point{id=id354, cat=HOSPITAL, lat=-35.60713970011059, lon=142.51766316253764}
Point{id=id1473, cat=HOSPITAL, lat=-35.823562954985825, lon=142.2426744647953}

		Search Time = 0.001217941 sec

Point{id=id117, cat=EDUCATION, lat=-34.32230255664044, lon=146.74595000823382}
Point{id=id1376, cat=EDUCATION, lat=-34.645607196860986, lon=146.34886467824094}
Point{id=id680, cat=EDUCATION, lat=-34.846720671515484, lon=146.4239327636289}
Point{id=id577, cat=EDUCATION, lat=-34.60640501908006, lon=145.81637519374792}
Point{id=id110, cat=EDUCATION, lat=-34.92417576883603, lon=146.58971998673698}

		Search Time = 3.44051E-4 sec

Point{id=id117, cat=EDUCATION, lat=-34.32230255664044, lon=146.74595000823382}
Point{id=id1376, cat=EDUCATION, lat=-34.645607196860986, lon=146.34886467824094}
Point{id=id680, cat=EDUCATION, lat=-34.846720671515484, lon=146.4239327636289}
Point{id=id577, cat=EDUCATION, lat=-34.60640501908006, lon=145.81637519374792}
Point{id=id110, cat=EDUCATION, lat=-34.92417576883603, lon=146.58971998673698}
Point{id=id497, cat=EDUCATION, lat=-34.26662320344261, lon=147.27649679435999}
Point{id=id1123, cat=EDUCATION, lat=-34.45566510958451, lon=145.51339540946955}
Point{id=id1250, cat=EDUCATION, lat=-35.03240561693133, lon=146.84931005193158}
Point{id=id396, cat=EDUCATION, lat=-35.28170445483514, lon=147.00906922837925}
Point{id=id265, cat=EDUCATION, lat=-35.407540406574384, lon=145.95032820933082}

		Search Time = 3.91142E-4 sec

Point{id=id117, cat=EDUCATION, lat=-34.32230255664044, lon=146.74595000823382}
Point{id=id1376, cat=EDUCATION, lat=-34.645607196860986, lon=146.34886467824094}
Point{id=id680, cat=EDUCATION, lat=-34.846720671515484, lon=146.4239327636289}
Point{id=id577, cat=EDUCATION, lat=-34.60640501908006, lon=145.81637519374792}
Point{id=id110, cat=EDUCATION, lat=-34.92417576883603, lon=146.58971998673698}
Point{id=id497, cat=EDUCATION, lat=-34.26662320344261, lon=147.27649679435999}
Point{id=id1123, cat=EDUCATION, lat=-34.45566510958451, lon=145.51339540946955}
Point{id=id1250, cat=EDUCATION, lat=-35.03240561693133, lon=146.84931005193158}
Point{id=id396, cat=EDUCATION, lat=-35.28170445483514, lon=147.00906922837925}
Point{id=id265, cat=EDUCATION, lat=-35.407540406574384, lon=145.95032820933082}
Point{id=id1207, cat=EDUCATION, lat=-35.493129540511326, lon=146.4827931769832}
Point{id=id1275, cat=EDUCATION, lat=-34.94650109347175, lon=145.192670521679}
Point{id=id399, cat=EDUCATION, lat=-34.84449824936267, lon=147.67901396336208}
Point{id=id580, cat=EDUCATION, lat=-34.14112617742409, lon=144.86403972168262}
Point{id=id1083, cat=EDUCATION, lat=-35.666026888341136, lon=146.4692764029156}

		Search Time = 4.02701E-4 sec

Point{id=id117, cat=EDUCATION, lat=-34.32230255664044, lon=146.74595000823382}
Point{id=id1376, cat=EDUCATION, lat=-34.645607196860986, lon=146.34886467824094}
Point{id=id680, cat=EDUCATION, lat=-34.846720671515484, lon=146.4239327636289}
Point{id=id577, cat=EDUCATION, lat=-34.60640501908006, lon=145.81637519374792}
Point{id=id110, cat=EDUCATION, lat=-34.92417576883603, lon=146.58971998673698}
Point{id=id497, cat=EDUCATION, lat=-34.26662320344261, lon=147.27649679435999}
Point{id=id1123, cat=EDUCATION, lat=-34.45566510958451, lon=145.51339540946955}
Point{id=id1250, cat=EDUCATION, lat=-35.03240561693133, lon=146.84931005193158}
Point{id=id396, cat=EDUCATION, lat=-35.28170445483514, lon=147.00906922837925}
Point{id=id265, cat=EDUCATION, lat=-35.407540406574384, lon=145.95032820933082}
Point{id=id1207, cat=EDUCATION, lat=-35.493129540511326, lon=146.4827931769832}
Point{id=id1275, cat=EDUCATION, lat=-34.94650109347175, lon=145.192670521679}
Point{id=id399, cat=EDUCATION, lat=-34.84449824936267, lon=147.67901396336208}
Point{id=id580, cat=EDUCATION, lat=-34.14112617742409, lon=144.86403972168262}
Point{id=id1083, cat=EDUCATION, lat=-35.666026888341136, lon=146.4692764029156}
Point{id=id496, cat=EDUCATION, lat=-35.35201496798952, lon=145.34188055695378}
Point{id=id176, cat=EDUCATION, lat=-34.46406012510825, lon=144.7582517209655}
Point{id=id423, cat=EDUCATION, lat=-34.59099377385458, lon=144.73302649165052}
Point{id=id931, cat=EDUCATION, lat=-34.00410187434885, lon=148.08021872093764}
Point{id=id184, cat=EDUCATION, lat=-34.21325242647782, lon=144.62110758311965}

		Search Time = 3.93513E-4 sec

Point{id=id117, cat=EDUCATION, lat=-34.32230255664044, lon=146.74595000823382}
Point{id=id1376, cat=EDUCATION, lat=-34.645607196860986, lon=146.34886467824094}
Point{id=id680, cat=EDUCATION, lat=-34.846720671515484, lon=146.4239327636289}
Point{id=id577, cat=EDUCATION, lat=-34.60640501908006, lon=145.81637519374792}
Point{id=id110, cat=EDUCATION, lat=-34.92417576883603, lon=146.58971998673698}
Point{id=id497, cat=EDUCATION, lat=-34.26662320344261, lon=147.27649679435999}
Point{id=id1123, cat=EDUCATION, lat=-34.45566510958451, lon=145.51339540946955}
Point{id=id1250, cat=EDUCATION, lat=-35.03240561693133, lon=146.84931005193158}
Point{id=id396, cat=EDUCATION, lat=-35.28170445483514, lon=147.00906922837925}
Point{id=id265, cat=EDUCATION, lat=-35.407540406574384, lon=145.95032820933082}
Point{id=id1207, cat=EDUCATION, lat=-35.493129540511326, lon=146.4827931769832}
Point{id=id1275, cat=EDUCATION, lat=-34.94650109347175, lon=145.192670521679}
Point{id=id399, cat=EDUCATION, lat=-34.84449824936267, lon=147.67901396336208}
Point{id=id580, cat=EDUCATION, lat=-34.14112617742409, lon=144.86403972168262}
Point{id=id1083, cat=EDUCATION, lat=-35.666026888341136, lon=146.4692764029156}
Point{id=id496, cat=EDUCATION, lat=-35.35201496798952, lon=145.34188055695378}
Point{id=id176, cat=EDUCATION, lat=-34.46406012510825, lon=144.7582517209655}
Point{id=id423, cat=EDUCATION, lat=-34.59099377385458, lon=144.73302649165052}
Point{id=id931, cat=EDUCATION, lat=-34.00410187434885, lon=148.08021872093764}
Point{id=id184, cat=EDUCATION, lat=-34.21325242647782, lon=144.62110758311965}
Point{id=id621, cat=EDUCATION, lat=-34.41118492947456, lon=148.19750873573173}
Point{id=id416, cat=EDUCATION, lat=-34.55358113605093, lon=144.54006982367363}
Point{id=id1497, cat=EDUCATION, lat=-35.71794083047449, lon=147.29093692432676}
Point{id=id169, cat=EDUCATION, lat=-34.553233142826585, lon=148.27990246037183}
Point{id=id693, cat=EDUCATION, lat=-35.79715669154273, lon=147.16084085473838}

		Search Time = 3.99489E-4 sec

Point{id=id117, cat=EDUCATION, lat=-34.32230255664044, lon=146.74595000823382}
Point{id=id1376, cat=EDUCATION, lat=-34.645607196860986, lon=146.34886467824094}
Point{id=id680, cat=EDUCATION, lat=-34.846720671515484, lon=146.4239327636289}
Point{id=id577, cat=EDUCATION, lat=-34.60640501908006, lon=145.81637519374792}
Point{id=id110, cat=EDUCATION, lat=-34.92417576883603, lon=146.58971998673698}
Point{id=id497, cat=EDUCATION, lat=-34.26662320344261, lon=147.27649679435999}
Point{id=id1123, cat=EDUCATION, lat=-34.45566510958451, lon=145.51339540946955}
Point{id=id1250, cat=EDUCATION, lat=-35.03240561693133, lon=146.84931005193158}
Point{id=id396, cat=EDUCATION, lat=-35.28170445483514, lon=147.00906922837925}
Point{id=id265, cat=EDUCATION, lat=-35.407540406574384, lon=145.95032820933082}
Point{id=id1207, cat=EDUCATION, lat=-35.493129540511326, lon=146.4827931769832}
Point{id=id1275, cat=EDUCATION, lat=-34.94650109347175, lon=145.192670521679}
Point{id=id399, cat=EDUCATION, lat=-34.84449824936267, lon=147.67901396336208}
Point{id=id580, cat=EDUCATION, lat=-34.14112617742409, lon=144.86403972168262}
Point{id=id1083, cat=EDUCATION, lat=-35.666026888341136, lon=146.4692764029156}
Point{id=id496, cat=EDUCATION, lat=-35.35201496798952, lon=145.34188055695378}
Point{id=id176, cat=EDUCATION, lat=-34.46406012510825, lon=144.7582517209655}
Point{id=id423, cat=EDUCATION, lat=-34.59099377385458, lon=144.73302649165052}
Point{id=id931, cat=EDUCATION, lat=-34.00410187434885, lon=148.08021872093764}
Point{id=id184, cat=EDUCATION, lat=-34.21325242647782, lon=144.62110758311965}
Point{id=id621, cat=EDUCATION, lat=-34.41118492947456, lon=148.19750873573173}
Point{id=id416, cat=EDUCATION, lat=-34.55358113605093, lon=144.54006982367363}
Point{id=id1497, cat=EDUCATION, lat=-35.71794083047449, lon=147.29093692432676}
Point{id=id169, cat=EDUCATION, lat=-34.553233142826585, lon=148.27990246037183}
Point{id=id693, cat=EDUCATION, lat=-35.79715669154273, lon=147.16084085473838}
Point{id=id355, cat=EDUCATION, lat=-34.74829509304496, lon=144.54439976980922}
Point{id=id1331, cat=EDUCATION, lat=-34.54335245279941, lon=144.39705090055287}
Point{id=id1056, cat=EDUCATION, lat=-34.98503615495269, lon=148.29798786224248}
Point{id=id953, cat=EDUCATION, lat=-35.63092491592967, lon=145.0537570745546}
Point{id=id126, cat=EDUCATION, lat=-35.040477133295695, lon=144.50410980542128}

		Search Time = 6.11254E-4 sec

Point{id=id924, cat=HOSPITAL, lat=-38.74666376591812, lon=141.25412121647273}
Point{id=id364, cat=HOSPITAL, lat=-38.481776113844504, lon=140.85298344364298}
Point{id=id333, cat=HOSPITAL, lat=-38.677865554496044, lon=140.85697372032726}
Point{id=id1445, cat=HOSPITAL, lat=-38.80115650963448, lon=141.07395350186192}
Point{id=id42, cat=HOSPITAL, lat=-38.383747983871224, lon=140.86645615732584}

		Search Time = 7.96084E-4 sec

Point{id=id924, cat=HOSPITAL, lat=-38.74666376591812, lon=141.25412121647273}
Point{id=id364, cat=HOSPITAL, lat=-38.481776113844504, lon=140.85298344364298}
Point{id=id333, cat=HOSPITAL, lat=-38.677865554496044, lon=140.85697372032726}
Point{id=id1445, cat=HOSPITAL, lat=-38.80115650963448, lon=141.07395350186192}
Point{id=id42, cat=HOSPITAL, lat=-38.383747983871224, lon=140.86645615732584}
Point{id=id443, cat=HOSPITAL, lat=-38.67653544391171, lon=140.80959898714818}
Point{id=id1159, cat=HOSPITAL, lat=-38.62150241802168, lon=140.73391068923672}
Point{id=id544, cat=HOSPITAL, lat=-38.1957658306166, lon=141.35540019455868}
Point{id=id1466, cat=HOSPITAL, lat=-38.14746443264487, lon=141.36314794891152}
Point{id=id516, cat=HOSPITAL, lat=-38.253988351549964, lon=141.5655658360077}

		Search Time = 8.14895E-4 sec

Point{id=id924, cat=HOSPITAL, lat=-38.74666376591812, lon=141.25412121647273}
Point{id=id364, cat=HOSPITAL, lat=-38.481776113844504, lon=140.85298344364298}
Point{id=id333, cat=HOSPITAL, lat=-38.677865554496044, lon=140.85697372032726}
Point{id=id1445, cat=HOSPITAL, lat=-38.80115650963448, lon=141.07395350186192}
Point{id=id42, cat=HOSPITAL, lat=-38.383747983871224, lon=140.86645615732584}
Point{id=id443, cat=HOSPITAL, lat=-38.67653544391171, lon=140.80959898714818}
Point{id=id1159, cat=HOSPITAL, lat=-38.62150241802168, lon=140.73391068923672}
Point{id=id544, cat=HOSPITAL, lat=-38.1957658306166, lon=141.35540019455868}
Point{id=id1466, cat=HOSPITAL, lat=-38.14746443264487, lon=141.36314794891152}
Point{id=id516, cat=HOSPITAL, lat=-38.253988351549964, lon=141.5655658360077}
Point{id=id966, cat=HOSPITAL, lat=-38.105790252181485, lon=141.0056627878443}
Point{id=id1111, cat=HOSPITAL, lat=-38.68263233446113, lon=141.6967122239499}
Point{id=id402, cat=HOSPITAL, lat=-38.75775368299119, lon=141.69171107834117}
Point{id=id1131, cat=HOSPITAL, lat=-38.47963525541611, lon=141.7874013083503}
Point{id=id790, cat=HOSPITAL, lat=-38.14824177317344, lon=140.70532743497813}

		Search Time = 8.27055E-4 sec

Point{id=id924, cat=HOSPITAL, lat=-38.74666376591812, lon=141.25412121647273}
Point{id=id364, cat=HOSPITAL, lat=-38.481776113844504, lon=140.85298344364298}
Point{id=id333, cat=HOSPITAL, lat=-38.677865554496044, lon=140.85697372032726}
Point{id=id1445, cat=HOSPITAL, lat=-38.80115650963448, lon=141.07395350186192}
Point{id=id42, cat=HOSPITAL, lat=-38.383747983871224, lon=140.86645615732584}
Point{id=id443, cat=HOSPITAL, lat=-38.67653544391171, lon=140.80959898714818}
Point{id=id1159, cat=HOSPITAL, lat=-38.62150241802168, lon=140.73391068923672}
Point{id=id544, cat=HOSPITAL, lat=-38.1957658306166, lon=141.35540019455868}
Point{id=id1466, cat=HOSPITAL, lat=-38.14746443264487, lon=141.36314794891152}
Point{id=id516, cat=HOSPITAL, lat=-38.253988351549964, lon=141.5655658360077}
Point{id=id966, cat=HOSPITAL, lat=-38.105790252181485, lon=141.0056627878443}
Point{id=id1111, cat=HOSPITAL, lat=-38.68263233446113, lon=141.6967122239499}
Point{id=id402, cat=HOSPITAL, lat=-38.75775368299119, lon=141.69171107834117}
Point{id=id1131, cat=HOSPITAL, lat=-38.47963525541611, lon=141.7874013083503}
Point{id=id790, cat=HOSPITAL, lat=-38.14824177317344, lon=140.70532743497813}
Point{id=id1097, cat=HOSPITAL, lat=-38.98831056561202, lon=141.4873036141842}
Point{id=id669, cat=HOSPITAL, lat=-38.15930303351497, lon=141.59094351148292}
Point{id=id1440, cat=HOSPITAL, lat=-39.10521044940755, lon=140.98998961610081}
Point{id=id1499, cat=HOSPITAL, lat=-39.16933096901276, lon=140.94665958741078}
Point{id=id929, cat=HOSPITAL, lat=-37.885298615409106, lon=141.27574494431104}

		Search Time = 8.53309E-4 sec

Point{id=id924, cat=HOSPITAL, lat=-38.74666376591812, lon=141.25412121647273}
Point{id=id364, cat=HOSPITAL, lat=-38.481776113844504, lon=140.85298344364298}
Point{id=id333, cat=HOSPITAL, lat=-38.677865554496044, lon=140.85697372032726}
Point{id=id1445, cat=HOSPITAL, lat=-38.80115650963448, lon=141.07395350186192}
Point{id=id42, cat=HOSPITAL, lat=-38.383747983871224, lon=140.86645615732584}
Point{id=id443, cat=HOSPITAL, lat=-38.67653544391171, lon=140.80959898714818}
Point{id=id1159, cat=HOSPITAL, lat=-38.62150241802168, lon=140.73391068923672}
Point{id=id544, cat=HOSPITAL, lat=-38.1957658306166, lon=141.35540019455868}
Point{id=id1466, cat=HOSPITAL, lat=-38.14746443264487, lon=141.36314794891152}
Point{id=id516, cat=HOSPITAL, lat=-38.253988351549964, lon=141.5655658360077}
Point{id=id966, cat=HOSPITAL, lat=-38.105790252181485, lon=141.0056627878443}
Point{id=id1111, cat=HOSPITAL, lat=-38.68263233446113, lon=141.6967122239499}
Point{id=id402, cat=HOSPITAL, lat=-38.75775368299119, lon=141.69171107834117}
Point{id=id1131, cat=HOSPITAL, lat=-38.47963525541611, lon=141.7874013083503}
Point{id=id790, cat=HOSPITAL, lat=-38.14824177317344, lon=140.70532743497813}
Point{id=id1097, cat=HOSPITAL, lat=-38.98831056561202, lon=141.4873036141842}
Point{id=id669, cat=HOSPITAL, lat=-38.15930303351497, lon=141.59094351148292}
Point{id=id1440, cat=HOSPITAL, lat=-39.10521044940755, lon=140.98998961610081}
Point{id=id1499, cat=HOSPITAL, lat=-39.16933096901276, lon=140.94665958741078}
Point{id=id929, cat=HOSPITAL, lat=-37.885298615409106, lon=141.27574494431104}
Point{id=id986, cat=HOSPITAL, lat=-39.085909232826566, lon=140.59414581887356}
Point{id=id182, cat=HOSPITAL, lat=-38.64737318376597, lon=140.2477373155949}
Point{id=id1252, cat=HOSPITAL, lat=-39.14298060358982, lon=140.64267010041718}
Point{id=id1117, cat=HOSPITAL, lat=-38.96730408484627, lon=141.86759444353146}
Point{id=id1034, cat=HOSPITAL, lat=-37.877492556664016, lon=141.46173944714397}

		Search Time = 9.4231E-4 sec

Point{id=id924, cat=HOSPITAL, lat=-38.74666376591812, lon=141.25412121647273}
Point{id=id364, cat=HOSPITAL, lat=-38.481776113844504, lon=140.85298344364298}
Point{id=id333, cat=HOSPITAL, lat=-38.677865554496044, lon=140.85697372032726}
Point{id=id1445, cat=HOSPITAL, lat=-38.80115650963448, lon=141.07395350186192}
Point{id=id42, cat=HOSPITAL, lat=-38.383747983871224, lon=140.86645615732584}
Point{id=id443, cat=HOSPITAL, lat=-38.67653544391171, lon=140.80959898714818}
Point{id=id1159, cat=HOSPITAL, lat=-38.62150241802168, lon=140.73391068923672}
Point{id=id544, cat=HOSPITAL, lat=-38.1957658306166, lon=141.35540019455868}
Point{id=id1466, cat=HOSPITAL, lat=-38.14746443264487, lon=141.36314794891152}
Point{id=id516, cat=HOSPITAL, lat=-38.253988351549964, lon=141.5655658360077}
Point{id=id966, cat=HOSPITAL, lat=-38.105790252181485, lon=141.0056627878443}
Point{id=id1111, cat=HOSPITAL, lat=-38.68263233446113, lon=141.6967122239499}
Point{id=id402, cat=HOSPITAL, lat=-38.75775368299119, lon=141.69171107834117}
Point{id=id1131, cat=HOSPITAL, lat=-38.47963525541611, lon=141.7874013083503}
Point{id=id790, cat=HOSPITAL, lat=-38.14824177317344, lon=140.70532743497813}
Point{id=id1097, cat=HOSPITAL, lat=-38.98831056561202, lon=141.4873036141842}
Point{id=id669, cat=HOSPITAL, lat=-38.15930303351497, lon=141.59094351148292}
Point{id=id1440, cat=HOSPITAL, lat=-39.10521044940755, lon=140.98998961610081}
Point{id=id1499, cat=HOSPITAL, lat=-39.16933096901276, lon=140.94665958741078}
Point{id=id929, cat=HOSPITAL, lat=-37.885298615409106, lon=141.27574494431104}
Point{id=id986, cat=HOSPITAL, lat=-39.085909232826566, lon=140.59414581887356}
Point{id=id182, cat=HOSPITAL, lat=-38.64737318376597, lon=140.2477373155949}
Point{id=id1252, cat=HOSPITAL, lat=-39.14298060358982, lon=140.64267010041718}
Point{id=id1117, cat=HOSPITAL, lat=-38.96730408484627, lon=141.86759444353146}
Point{id=id1034, cat=HOSPITAL, lat=-37.877492556664016, lon=141.46173944714397}
Point{id=id1438, cat=HOSPITAL, lat=-38.44798142001972, lon=140.1952750586294}
Point{id=id195, cat=HOSPITAL, lat=-39.35250163962978, lon=141.27963612719466}
Point{id=id849, cat=HOSPITAL, lat=-37.803641963793766, lon=140.68996432523863}
Point{id=id219, cat=HOSPITAL, lat=-38.35525280188481, lon=140.0902554389043}
Point{id=id223, cat=HOSPITAL, lat=-37.794319237481936, lon=140.63381402051454}

		Search Time = 0.001169595 sec

Point{id=id626, cat=HOSPITAL, lat=-36.418265912567215, lon=147.71315865368192}
Point{id=id1491, cat=HOSPITAL, lat=-36.37973400991648, lon=147.70572607063534}
Point{id=id155, cat=HOSPITAL, lat=-36.65119129798559, lon=147.69848099359913}
Point{id=id107, cat=HOSPITAL, lat=-36.236552061644915, lon=147.91298327943903}
Point{id=id350, cat=HOSPITAL, lat=-36.73073509102374, lon=148.00479242593005}

		Search Time = 8.8006E-4 sec

Point{id=id626, cat=HOSPITAL, lat=-36.418265912567215, lon=147.71315865368192}
Point{id=id1491, cat=HOSPITAL, lat=-36.37973400991648, lon=147.70572607063534}
Point{id=id155, cat=HOSPITAL, lat=-36.65119129798559, lon=147.69848099359913}
Point{id=id107, cat=HOSPITAL, lat=-36.236552061644915, lon=147.91298327943903}
Point{id=id350, cat=HOSPITAL, lat=-36.73073509102374, lon=148.00479242593005}
Point{id=id925, cat=HOSPITAL, lat=-36.41658899302501, lon=147.5336934792283}
Point{id=id1216, cat=HOSPITAL, lat=-36.67765623663457, lon=147.56649531028788}
Point{id=id215, cat=HOSPITAL, lat=-36.46166612968659, lon=148.30809321427287}
Point{id=id408, cat=HOSPITAL, lat=-36.53122308664375, lon=147.480849847906}
Point{id=id595, cat=HOSPITAL, lat=-36.46007122172684, lon=148.33681647098052}

		Search Time = 8.11957E-4 sec

Point{id=id626, cat=HOSPITAL, lat=-36.418265912567215, lon=147.71315865368192}
Point{id=id1491, cat=HOSPITAL, lat=-36.37973400991648, lon=147.70572607063534}
Point{id=id155, cat=HOSPITAL, lat=-36.65119129798559, lon=147.69848099359913}
Point{id=id107, cat=HOSPITAL, lat=-36.236552061644915, lon=147.91298327943903}
Point{id=id350, cat=HOSPITAL, lat=-36.73073509102374, lon=148.00479242593005}
Point{id=id925, cat=HOSPITAL, lat=-36.41658899302501, lon=147.5336934792283}
Point{id=id1216, cat=HOSPITAL, lat=-36.67765623663457, lon=147.56649531028788}
Point{id=id215, cat=HOSPITAL, lat=-36.46166612968659, lon=148.30809321427287}
Point{id=id408, cat=HOSPITAL, lat=-36.53122308664375, lon=147.480849847906}
Point{id=id595, cat=HOSPITAL, lat=-36.46007122172684, lon=148.33681647098052}
Point{id=id104, cat=HOSPITAL, lat=-36.54192860197395, lon=147.41886850695647}
Point{id=id1176, cat=HOSPITAL, lat=-36.106464287850194, lon=148.02961154201392}
Point{id=id231, cat=HOSPITAL, lat=-36.865622776749575, lon=148.11101683734069}
Point{id=id1059, cat=HOSPITAL, lat=-36.65033654719711, lon=148.38080196817674}
Point{id=id545, cat=HOSPITAL, lat=-36.04317607064707, lon=148.13236275331326}

		Search Time = 8.42843E-4 sec

Point{id=id626, cat=HOSPITAL, lat=-36.418265912567215, lon=147.71315865368192}
Point{id=id1491, cat=HOSPITAL, lat=-36.37973400991648, lon=147.70572607063534}
Point{id=id155, cat=HOSPITAL, lat=-36.65119129798559, lon=147.69848099359913}
Point{id=id107, cat=HOSPITAL, lat=-36.236552061644915, lon=147.91298327943903}
Point{id=id350, cat=HOSPITAL, lat=-36.73073509102374, lon=148.00479242593005}
Point{id=id925, cat=HOSPITAL, lat=-36.41658899302501, lon=147.5336934792283}
Point{id=id1216, cat=HOSPITAL, lat=-36.67765623663457, lon=147.56649531028788}
Point{id=id215, cat=HOSPITAL, lat=-36.46166612968659, lon=148.30809321427287}
Point{id=id408, cat=HOSPITAL, lat=-36.53122308664375, lon=147.480849847906}
Point{id=id595, cat=HOSPITAL, lat=-36.46007122172684, lon=148.33681647098052}
Point{id=id104, cat=HOSPITAL, lat=-36.54192860197395, lon=147.41886850695647}
Point{id=id1176, cat=HOSPITAL, lat=-36.106464287850194, lon=148.02961154201392}
Point{id=id231, cat=HOSPITAL, lat=-36.865622776749575, lon=148.11101683734069}
Point{id=id1059, cat=HOSPITAL, lat=-36.65033654719711, lon=148.38080196817674}
Point{id=id545, cat=HOSPITAL, lat=-36.04317607064707, lon=148.13236275331326}
Point{id=id1310, cat=HOSPITAL, lat=-36.05731298695305, lon=147.60239169856786}
Point{id=id390, cat=HOSPITAL, lat=-36.94766989441126, lon=148.15389471375096}
Point{id=id1240, cat=HOSPITAL, lat=-36.89423623706622, lon=147.52300070955343}
Point{id=id528, cat=HOSPITAL, lat=-36.83883284931752, lon=148.50917576741995}
Point{id=id255, cat=HOSPITAL, lat=-36.340553002818275, lon=148.63315296648864}

		Search Time = 8.91545E-4 sec

Point{id=id626, cat=HOSPITAL, lat=-36.418265912567215, lon=147.71315865368192}
Point{id=id1491, cat=HOSPITAL, lat=-36.37973400991648, lon=147.70572607063534}
Point{id=id155, cat=HOSPITAL, lat=-36.65119129798559, lon=147.69848099359913}
Point{id=id107, cat=HOSPITAL, lat=-36.236552061644915, lon=147.91298327943903}
Point{id=id350, cat=HOSPITAL, lat=-36.73073509102374, lon=148.00479242593005}
Point{id=id925, cat=HOSPITAL, lat=-36.41658899302501, lon=147.5336934792283}
Point{id=id1216, cat=HOSPITAL, lat=-36.67765623663457, lon=147.56649531028788}
Point{id=id215, cat=HOSPITAL, lat=-36.46166612968659, lon=148.30809321427287}
Point{id=id408, cat=HOSPITAL, lat=-36.53122308664375, lon=147.480849847906}
Point{id=id595, cat=HOSPITAL, lat=-36.46007122172684, lon=148.33681647098052}
Point{id=id104, cat=HOSPITAL, lat=-36.54192860197395, lon=147.41886850695647}
Point{id=id1176, cat=HOSPITAL, lat=-36.106464287850194, lon=148.02961154201392}
Point{id=id231, cat=HOSPITAL, lat=-36.865622776749575, lon=148.11101683734069}
Point{id=id1059, cat=HOSPITAL, lat=-36.65033654719711, lon=148.38080196817674}
Point{id=id545, cat=HOSPITAL, lat=-36.04317607064707, lon=148.13236275331326}
Point{id=id1310, cat=HOSPITAL, lat=-36.05731298695305, lon=147.60239169856786}
Point{id=id390, cat=HOSPITAL, lat=-36.94766989441126, lon=148.15389471375096}
Point{id=id1240, cat=HOSPITAL, lat=-36.89423623706622, lon=147.52300070955343}
Point{id=id528, cat=HOSPITAL, lat=-36.83883284931752, lon=148.50917576741995}
Point{id=id255, cat=HOSPITAL, lat=-36.340553002818275, lon=148.63315296648864}
Point{id=id1183, cat=HOSPITAL, lat=-35.87715415802323, lon=147.9574433978737}
Point{id=id568, cat=HOSPITAL, lat=-35.976056748707684, lon=147.42639049041316}
Point{id=id40, cat=HOSPITAL, lat=-36.738007258114514, lon=148.6305382521132}
Point{id=id1088, cat=HOSPITAL, lat=-35.91722343239053, lon=148.2759386376712}
Point{id=id610, cat=HOSPITAL, lat=-36.75700271294393, lon=147.15931492351925}

		Search Time = 9.44143E-4 sec

Point{id=id626, cat=HOSPITAL, lat=-36.418265912567215, lon=147.71315865368192}
Point{id=id1491, cat=HOSPITAL, lat=-36.37973400991648, lon=147.70572607063534}
Point{id=id155, cat=HOSPITAL, lat=-36.65119129798559, lon=147.69848099359913}
Point{id=id107, cat=HOSPITAL, lat=-36.236552061644915, lon=147.91298327943903}
Point{id=id350, cat=HOSPITAL, lat=-36.73073509102374, lon=148.00479242593005}
Point{id=id925, cat=HOSPITAL, lat=-36.41658899302501, lon=147.5336934792283}
Point{id=id1216, cat=HOSPITAL, lat=-36.67765623663457, lon=147.56649531028788}
Point{id=id215, cat=HOSPITAL, lat=-36.46166612968659, lon=148.30809321427287}
Point{id=id408, cat=HOSPITAL, lat=-36.53122308664375, lon=147.480849847906}
Point{id=id595, cat=HOSPITAL, lat=-36.46007122172684, lon=148.33681647098052}
Point{id=id104, cat=HOSPITAL, lat=-36.54192860197395, lon=147.41886850695647}
Point{id=id1176, cat=HOSPITAL, lat=-36.106464287850194, lon=148.02961154201392}
Point{id=id231, cat=HOSPITAL, lat=-36.865622776749575, lon=148.11101683734069}
Point{id=id1059, cat=HOSPITAL, lat=-36.65033654719711, lon=148.38080196817674}
Point{id=id545, cat=HOSPITAL, lat=-36.04317607064707, lon=148.13236275331326}
Point{id=id1310, cat=HOSPITAL, lat=-36.05731298695305, lon=147.60239169856786}
Point{id=id390, cat=HOSPITAL, lat=-36.94766989441126, lon=148.15389471375096}
Point{id=id1240, cat=HOSPITAL, lat=-36.89423623706622, lon=147.52300070955343}
Point{id=id528, cat=HOSPITAL, lat=-36.83883284931752, lon=148.50917576741995}
Point{id=id255, cat=HOSPITAL, lat=-36.340553002818275, lon=148.63315296648864}
Point{id=id1183, cat=HOSPITAL, lat=-35.87715415802323, lon=147.9574433978737}
Point{id=id568, cat=HOSPITAL, lat=-35.976056748707684, lon=147.42639049041316}
Point{id=id40, cat=HOSPITAL, lat=-36.738007258114514, lon=148.6305382521132}
Point{id=id1088, cat=HOSPITAL, lat=-35.91722343239053, lon=148.2759386376712}
Point{id=id610, cat=HOSPITAL, lat=-36.75700271294393, lon=147.15931492351925}
Point{id=id365, cat=HOSPITAL, lat=-36.97444516077917, lon=148.44925042089875}
Point{id=id1453, cat=HOSPITAL, lat=-37.178217096939, lon=147.82476457641752}
Point{id=id729, cat=HOSPITAL, lat=-37.12288116664868, lon=147.47927613307047}
Point{id=id445, cat=HOSPITAL, lat=-35.8149088431498, lon=147.56911223593335}
Point{id=id85, cat=HOSPITAL, lat=-36.77395517845227, lon=147.0459035010676}

		Search Time = 0.001226375 sec

Point{id=id985, cat=HOSPITAL, lat=-36.066594990244035, lon=140.83776387892516}
Point{id=id862, cat=HOSPITAL, lat=-36.02531382504345, lon=140.79419979631254}
Point{id=id1486, cat=HOSPITAL, lat=-36.15929507817357, lon=140.5080532615727}
Point{id=id1160, cat=HOSPITAL, lat=-35.93369963597045, lon=141.01838759070372}
Point{id=id250, cat=HOSPITAL, lat=-36.25242765330405, lon=141.24827616296028}

		Search Time = 8.35785E-4 sec

Point{id=id985, cat=HOSPITAL, lat=-36.066594990244035, lon=140.83776387892516}
Point{id=id862, cat=HOSPITAL, lat=-36.02531382504345, lon=140.79419979631254}
Point{id=id1486, cat=HOSPITAL, lat=-36.15929507817357, lon=140.5080532615727}
Point{id=id1160, cat=HOSPITAL, lat=-35.93369963597045, lon=141.01838759070372}
Point{id=id250, cat=HOSPITAL, lat=-36.25242765330405, lon=141.24827616296028}
Point{id=id253, cat=HOSPITAL, lat=-36.0216423279058, lon=140.38809297909418}
Point{id=id205, cat=HOSPITAL, lat=-36.54123099458614, lon=140.51462425775503}
Point{id=id806, cat=HOSPITAL, lat=-36.43287985084581, lon=141.31323704249732}
Point{id=id1417, cat=HOSPITAL, lat=-36.26390025230237, lon=141.39249903280862}
Point{id=id91, cat=HOSPITAL, lat=-36.68967238703522, lon=140.88322944761512}

		Search Time = 7.31137E-4 sec

Point{id=id985, cat=HOSPITAL, lat=-36.066594990244035, lon=140.83776387892516}
Point{id=id862, cat=HOSPITAL, lat=-36.02531382504345, lon=140.79419979631254}
Point{id=id1486, cat=HOSPITAL, lat=-36.15929507817357, lon=140.5080532615727}
Point{id=id1160, cat=HOSPITAL, lat=-35.93369963597045, lon=141.01838759070372}
Point{id=id250, cat=HOSPITAL, lat=-36.25242765330405, lon=141.24827616296028}
Point{id=id253, cat=HOSPITAL, lat=-36.0216423279058, lon=140.38809297909418}
Point{id=id205, cat=HOSPITAL, lat=-36.54123099458614, lon=140.51462425775503}
Point{id=id806, cat=HOSPITAL, lat=-36.43287985084581, lon=141.31323704249732}
Point{id=id1417, cat=HOSPITAL, lat=-36.26390025230237, lon=141.39249903280862}
Point{id=id91, cat=HOSPITAL, lat=-36.68967238703522, lon=140.88322944761512}
Point{id=id1258, cat=HOSPITAL, lat=-36.49891522707122, lon=140.3186138980776}
Point{id=id1101, cat=HOSPITAL, lat=-35.700091727500975, lon=141.06284289631876}
Point{id=id1426, cat=HOSPITAL, lat=-36.04314590395894, lon=140.12267935306775}
Point{id=id38, cat=HOSPITAL, lat=-35.62377812808678, lon=140.82160003941834}
Point{id=id428, cat=HOSPITAL, lat=-36.51036918149457, lon=141.4483006439472}

		Search Time = 7.81534E-4 sec

Point{id=id985, cat=HOSPITAL, lat=-36.066594990244035, lon=140.83776387892516}
Point{id=id862, cat=HOSPITAL, lat=-36.02531382504345, lon=140.79419979631254}
Point{id=id1486, cat=HOSPITAL, lat=-36.15929507817357, lon=140.5080532615727}
Point{id=id1160, cat=HOSPITAL, lat=-35.93369963597045, lon=141.01838759070372}
Point{id=id250, cat=HOSPITAL, lat=-36.25242765330405, lon=141.24827616296028}
Point{id=id253, cat=HOSPITAL, lat=-36.0216423279058, lon=140.38809297909418}
Point{id=id205, cat=HOSPITAL, lat=-36.54123099458614, lon=140.51462425775503}
Point{id=id806, cat=HOSPITAL, lat=-36.43287985084581, lon=141.31323704249732}
Point{id=id1417, cat=HOSPITAL, lat=-36.26390025230237, lon=141.39249903280862}
Point{id=id91, cat=HOSPITAL, lat=-36.68967238703522, lon=140.88322944761512}
Point{id=id1258, cat=HOSPITAL, lat=-36.49891522707122, lon=140.3186138980776}
Point{id=id1101, cat=HOSPITAL, lat=-35.700091727500975, lon=141.06284289631876}
Point{id=id1426, cat=HOSPITAL, lat=-36.04314590395894, lon=140.12267935306775}
Point{id=id38, cat=HOSPITAL, lat=-35.62377812808678, lon=140.82160003941834}
Point{id=id428, cat=HOSPITAL, lat=-36.51036918149457, lon=141.4483006439472}
Point{id=id539, cat=HOSPITAL, lat=-35.99346090955215, lon=140.0674338494}
Point{id=id720, cat=HOSPITAL, lat=-35.574528547611465, lon=141.0163997927403}
Point{id=id664, cat=HOSPITAL, lat=-36.15429217226664, lon=141.67736688660176}
Point{id=id939, cat=HOSPITAL, lat=-36.58014247473985, lon=141.56186883596294}
Point{id=id1212, cat=HOSPITAL, lat=-36.918516565118864, lon=141.1375008804296}

		Search Time = 8.39854E-4 sec

Point{id=id985, cat=HOSPITAL, lat=-36.066594990244035, lon=140.83776387892516}
Point{id=id862, cat=HOSPITAL, lat=-36.02531382504345, lon=140.79419979631254}
Point{id=id1486, cat=HOSPITAL, lat=-36.15929507817357, lon=140.5080532615727}
Point{id=id1160, cat=HOSPITAL, lat=-35.93369963597045, lon=141.01838759070372}
Point{id=id250, cat=HOSPITAL, lat=-36.25242765330405, lon=141.24827616296028}
Point{id=id253, cat=HOSPITAL, lat=-36.0216423279058, lon=140.38809297909418}
Point{id=id205, cat=HOSPITAL, lat=-36.54123099458614, lon=140.51462425775503}
Point{id=id806, cat=HOSPITAL, lat=-36.43287985084581, lon=141.31323704249732}
Point{id=id1417, cat=HOSPITAL, lat=-36.26390025230237, lon=141.39249903280862}
Point{id=id91, cat=HOSPITAL, lat=-36.68967238703522, lon=140.88322944761512}
Point{id=id1258, cat=HOSPITAL, lat=-36.49891522707122, lon=140.3186138980776}
Point{id=id1101, cat=HOSPITAL, lat=-35.700091727500975, lon=141.06284289631876}
Point{id=id1426, cat=HOSPITAL, lat=-36.04314590395894, lon=140.12267935306775}
Point{id=id38, cat=HOSPITAL, lat=-35.62377812808678, lon=140.82160003941834}
Point{id=id428, cat=HOSPITAL, lat=-36.51036918149457, lon=141.4483006439472}
Point{id=id539, cat=HOSPITAL, lat=-35.99346090955215, lon=140.0674338494}
Point{id=id720, cat=HOSPITAL, lat=-35.574528547611465, lon=141.0163997927403}
Point{id=id664, cat=HOSPITAL, lat=-36.15429217226664, lon=141.67736688660176}
Point{id=id939, cat=HOSPITAL, lat=-36.58014247473985, lon=141.56186883596294}
Point{id=id1212, cat=HOSPITAL, lat=-36.918516565118864, lon=141.1375008804296}
Point{id=id537, cat=HOSPITAL, lat=-36.85177478162247, lon=140.26284364794756}
Point{id=id540, cat=HOSPITAL, lat=-35.55441740793029, lon=141.38040308986103}
Point{id=id252, cat=HOSPITAL, lat=-35.61578568232645, lon=141.49125608766357}
Point{id=id530, cat=HOSPITAL, lat=-35.47674657752428, lon=141.2982595299831}
Point{id=id453, cat=HOSPITAL, lat=-35.38809582216899, lon=140.60932468485623}

		Search Time = 7.73492E-4 sec

Point{id=id985, cat=HOSPITAL, lat=-36.066594990244035, lon=140.83776387892516}
Point{id=id862, cat=HOSPITAL, lat=-36.02531382504345, lon=140.79419979631254}
Point{id=id1486, cat=HOSPITAL, lat=-36.15929507817357, lon=140.5080532615727}
Point{id=id1160, cat=HOSPITAL, lat=-35.93369963597045, lon=141.01838759070372}
Point{id=id250, cat=HOSPITAL, lat=-36.25242765330405, lon=141.24827616296028}
Point{id=id253, cat=HOSPITAL, lat=-36.0216423279058, lon=140.38809297909418}
Point{id=id205, cat=HOSPITAL, lat=-36.54123099458614, lon=140.51462425775503}
Point{id=id806, cat=HOSPITAL, lat=-36.43287985084581, lon=141.31323704249732}
Point{id=id1417, cat=HOSPITAL, lat=-36.26390025230237, lon=141.39249903280862}
Point{id=id91, cat=HOSPITAL, lat=-36.68967238703522, lon=140.88322944761512}
Point{id=id1258, cat=HOSPITAL, lat=-36.49891522707122, lon=140.3186138980776}
Point{id=id1101, cat=HOSPITAL, lat=-35.700091727500975, lon=141.06284289631876}
Point{id=id1426, cat=HOSPITAL, lat=-36.04314590395894, lon=140.12267935306775}
Point{id=id38, cat=HOSPITAL, lat=-35.62377812808678, lon=140.82160003941834}
Point{id=id428, cat=HOSPITAL, lat=-36.51036918149457, lon=141.4483006439472}
Point{id=id539, cat=HOSPITAL, lat=-35.99346090955215, lon=140.0674338494}
Point{id=id720, cat=HOSPITAL, lat=-35.574528547611465, lon=141.0163997927403}
Point{id=id664, cat=HOSPITAL, lat=-36.15429217226664, lon=141.67736688660176}
Point{id=id939, cat=HOSPITAL, lat=-36.58014247473985, lon=141.56186883596294}
Point{id=id1212, cat=HOSPITAL, lat=-36.918516565118864, lon=141.1375008804296}
Point{id=id537, cat=HOSPITAL, lat=-36.85177478162247, lon=140.26284364794756}
Point{id=id540, cat=HOSPITAL, lat=-35.55441740793029, lon=141.38040308986103}
Point{id=id252, cat=HOSPITAL, lat=-35.61578568232645, lon=141.49125608766357}
Point{id=id530, cat=HOSPITAL, lat=-35.47674657752428, lon=141.2982595299831}
Point{id=id453, cat=HOSPITAL, lat=-35.38809582216899, lon=140.60932468485623}
Point{id=id920, cat=HOSPITAL, lat=-35.37350956889535, lon=140.95761240286635}
Point{id=id422, cat=HOSPITAL, lat=-35.360488557910216, lon=140.8221618376965}
Point{id=id723, cat=HOSPITAL, lat=-35.582525099900984, lon=140.04156410818868}
Point{id=id1464, cat=HOSPITAL, lat=-35.535313986444955, lon=141.52087696138923}
Point{id=id162, cat=HOSPITAL, lat=-36.67246972211602, lon=141.76732956811585}

		Search Time = 0.00102512 sec

Point{id=id573, cat=EDUCATION, lat=-38.43520022601186, lon=145.67075890822716}
Point{id=id1023, cat=EDUCATION, lat=-38.14918559188264, lon=145.58717208641656}
Point{id=id773, cat=EDUCATION, lat=-38.20548236626805, lon=145.20662061014858}
Point{id=id1126, cat=EDUCATION, lat=-38.28186255356715, lon=146.08427460337435}
Point{id=id1221, cat=EDUCATION, lat=-38.034113419900336, lon=145.11567326363502}

		Search Time = 2.85868E-4 sec

Point{id=id573, cat=EDUCATION, lat=-38.43520022601186, lon=145.67075890822716}
Point{id=id1023, cat=EDUCATION, lat=-38.14918559188264, lon=145.58717208641656}
Point{id=id773, cat=EDUCATION, lat=-38.20548236626805, lon=145.20662061014858}
Point{id=id1126, cat=EDUCATION, lat=-38.28186255356715, lon=146.08427460337435}
Point{id=id1221, cat=EDUCATION, lat=-38.034113419900336, lon=145.11567326363502}
Point{id=id800, cat=EDUCATION, lat=-38.215246335276596, lon=144.96329722306695}
Point{id=id1057, cat=EDUCATION, lat=-38.96357755773537, lon=145.34885182138956}
Point{id=id1081, cat=EDUCATION, lat=-39.0381355610261, lon=145.50823533670288}
Point{id=id322, cat=EDUCATION, lat=-38.222087204463804, lon=146.457756037395}
Point{id=id713, cat=EDUCATION, lat=-37.74244392860689, lon=145.21054647460957}

		Search Time = 2.89521E-4 sec

Point{id=id573, cat=EDUCATION, lat=-38.43520022601186, lon=145.67075890822716}
Point{id=id1023, cat=EDUCATION, lat=-38.14918559188264, lon=145.58717208641656}
Point{id=id773, cat=EDUCATION, lat=-38.20548236626805, lon=145.20662061014858}
Point{id=id1126, cat=EDUCATION, lat=-38.28186255356715, lon=146.08427460337435}
Point{id=id1221, cat=EDUCATION, lat=-38.034113419900336, lon=145.11567326363502}
Point{id=id800, cat=EDUCATION, lat=-38.215246335276596, lon=144.96329722306695}
Point{id=id1057, cat=EDUCATION, lat=-38.96357755773537, lon=145.34885182138956}
Point{id=id1081, cat=EDUCATION, lat=-39.0381355610261, lon=145.50823533670288}
Point{id=id322, cat=EDUCATION, lat=-38.222087204463804, lon=146.457756037395}
Point{id=id713, cat=EDUCATION, lat=-37.74244392860689, lon=145.21054647460957}
Point{id=id1283, cat=EDUCATION, lat=-37.67167187048288, lon=145.7935405208924}
Point{id=id237, cat=EDUCATION, lat=-37.602959353638965, lon=145.56508672068554}
Point{id=id1043, cat=EDUCATION, lat=-39.14390828036248, lon=145.82979795370588}
Point{id=id990, cat=EDUCATION, lat=-37.89213968753785, lon=144.77689413025564}
Point{id=id1302, cat=EDUCATION, lat=-38.99902971872045, lon=146.3480019003966}

		Search Time = 3.50717E-4 sec

Point{id=id573, cat=EDUCATION, lat=-38.43520022601186, lon=145.67075890822716}
Point{id=id1023, cat=EDUCATION, lat=-38.14918559188264, lon=145.58717208641656}
Point{id=id773, cat=EDUCATION, lat=-38.20548236626805, lon=145.20662061014858}
Point{id=id1126, cat=EDUCATION, lat=-38.28186255356715, lon=146.08427460337435}
Point{id=id1221, cat=EDUCATION, lat=-38.034113419900336, lon=145.11567326363502}
Point{id=id800, cat=EDUCATION, lat=-38.215246335276596, lon=144.96329722306695}
Point{id=id1057, cat=EDUCATION, lat=-38.96357755773537, lon=145.34885182138956}
Point{id=id1081, cat=EDUCATION, lat=-39.0381355610261, lon=145.50823533670288}
Point{id=id322, cat=EDUCATION, lat=-38.222087204463804, lon=146.457756037395}
Point{id=id713, cat=EDUCATION, lat=-37.74244392860689, lon=145.21054647460957}
Point{id=id1283, cat=EDUCATION, lat=-37.67167187048288, lon=145.7935405208924}
Point{id=id237, cat=EDUCATION, lat=-37.602959353638965, lon=145.56508672068554}
Point{id=id1043, cat=EDUCATION, lat=-39.14390828036248, lon=145.82979795370588}
Point{id=id990, cat=EDUCATION, lat=-37.89213968753785, lon=144.77689413025564}
Point{id=id1302, cat=EDUCATION, lat=-38.99902971872045, lon=146.3480019003966}
Point{id=id1133, cat=EDUCATION, lat=-38.52708650506159, lon=144.47170642163633}
Point{id=id1045, cat=EDUCATION, lat=-38.78474853097126, lon=146.7023533911183}
Point{id=id657, cat=EDUCATION, lat=-38.7345863551622, lon=144.4827154412537}
Point{id=id1061, cat=EDUCATION, lat=-37.52733056628327, lon=144.95572949857376}
Point{id=id1186, cat=EDUCATION, lat=-38.96968458289213, lon=144.56218889611694}

		Search Time = 2.96159E-4 sec

Point{id=id573, cat=EDUCATION, lat=-38.43520022601186, lon=145.67075890822716}
Point{id=id1023, cat=EDUCATION, lat=-38.14918559188264, lon=145.58717208641656}
Point{id=id773, cat=EDUCATION, lat=-38.20548236626805, lon=145.20662061014858}
Point{id=id1126, cat=EDUCATION, lat=-38.28186255356715, lon=146.08427460337435}
Point{id=id1221, cat=EDUCATION, lat=-38.034113419900336, lon=145.11567326363502}
Point{id=id800, cat=EDUCATION, lat=-38.215246335276596, lon=144.96329722306695}
Point{id=id1057, cat=EDUCATION, lat=-38.96357755773537, lon=145.34885182138956}
Point{id=id1081, cat=EDUCATION, lat=-39.0381355610261, lon=145.50823533670288}
Point{id=id322, cat=EDUCATION, lat=-38.222087204463804, lon=146.457756037395}
Point{id=id713, cat=EDUCATION, lat=-37.74244392860689, lon=145.21054647460957}
Point{id=id1283, cat=EDUCATION, lat=-37.67167187048288, lon=145.7935405208924}
Point{id=id237, cat=EDUCATION, lat=-37.602959353638965, lon=145.56508672068554}
Point{id=id1043, cat=EDUCATION, lat=-39.14390828036248, lon=145.82979795370588}
Point{id=id990, cat=EDUCATION, lat=-37.89213968753785, lon=144.77689413025564}
Point{id=id1302, cat=EDUCATION, lat=-38.99902971872045, lon=146.3480019003966}
Point{id=id1133, cat=EDUCATION, lat=-38.52708650506159, lon=144.47170642163633}
Point{id=id1045, cat=EDUCATION, lat=-38.78474853097126, lon=146.7023533911183}
Point{id=id657, cat=EDUCATION, lat=-38.7345863551622, lon=144.4827154412537}
Point{id=id1061, cat=EDUCATION, lat=-37.52733056628327, lon=144.95572949857376}
Point{id=id1186, cat=EDUCATION, lat=-38.96968458289213, lon=144.56218889611694}
Point{id=id505, cat=EDUCATION, lat=-39.041471484637306, lon=146.60008880378055}
Point{id=id821, cat=EDUCATION, lat=-38.962343070492366, lon=146.7327208870673}
Point{id=id600, cat=EDUCATION, lat=-38.49562927448241, lon=146.96077330227638}
Point{id=id598, cat=EDUCATION, lat=-37.69922422224289, lon=146.7870337499047}
Point{id=id225, cat=EDUCATION, lat=-37.21574152007982, lon=145.52215705618985}

		Search Time = 4.97389E-4 sec

Point{id=id573, cat=EDUCATION, lat=-38.43520022601186, lon=145.67075890822716}
Point{id=id1023, cat=EDUCATION, lat=-38.14918559188264, lon=145.58717208641656}
Point{id=id773, cat=EDUCATION, lat=-38.20548236626805, lon=145.20662061014858}
Point{id=id1126, cat=EDUCATION, lat=-38.28186255356715, lon=146.08427460337435}
Point{id=id1221, cat=EDUCATION, lat=-38.034113419900336, lon=145.11567326363502}
Point{id=id800, cat=EDUCATION, lat=-38.215246335276596, lon=144.96329722306695}
Point{id=id1057, cat=EDUCATION, lat=-38.96357755773537, lon=145.34885182138956}
Point{id=id1081, cat=EDUCATION, lat=-39.0381355610261, lon=145.50823533670288}
Point{id=id322, cat=EDUCATION, lat=-38.222087204463804, lon=146.457756037395}
Point{id=id713, cat=EDUCATION, lat=-37.74244392860689, lon=145.21054647460957}
Point{id=id1283, cat=EDUCATION, lat=-37.67167187048288, lon=145.7935405208924}
Point{id=id237, cat=EDUCATION, lat=-37.602959353638965, lon=145.56508672068554}
Point{id=id1043, cat=EDUCATION, lat=-39.14390828036248, lon=145.82979795370588}
Point{id=id990, cat=EDUCATION, lat=-37.89213968753785, lon=144.77689413025564}
Point{id=id1302, cat=EDUCATION, lat=-38.99902971872045, lon=146.3480019003966}
Point{id=id1133, cat=EDUCATION, lat=-38.52708650506159, lon=144.47170642163633}
Point{id=id1045, cat=EDUCATION, lat=-38.78474853097126, lon=146.7023533911183}
Point{id=id657, cat=EDUCATION, lat=-38.7345863551622, lon=144.4827154412537}
Point{id=id1061, cat=EDUCATION, lat=-37.52733056628327, lon=144.95572949857376}
Point{id=id1186, cat=EDUCATION, lat=-38.96968458289213, lon=144.56218889611694}
Point{id=id505, cat=EDUCATION, lat=-39.041471484637306, lon=146.60008880378055}
Point{id=id821, cat=EDUCATION, lat=-38.962343070492366, lon=146.7327208870673}
Point{id=id600, cat=EDUCATION, lat=-38.49562927448241, lon=146.96077330227638}
Point{id=id598, cat=EDUCATION, lat=-37.69922422224289, lon=146.7870337499047}
Point{id=id225, cat=EDUCATION, lat=-37.21574152007982, lon=145.52215705618985}
Point{id=id320, cat=EDUCATION, lat=-37.297668151646114, lon=144.73645842534884}
Point{id=id597, cat=EDUCATION, lat=-37.42170165855535, lon=144.49933014369083}
Point{id=id90, cat=EDUCATION, lat=-37.73399637085537, lon=147.08027395869277}
Point{id=id498, cat=EDUCATION, lat=-39.260903875533366, lon=146.8553652706057}
Point{id=id1316, cat=EDUCATION, lat=-37.18446684464706, lon=146.3652683378895}

		Search Time = 3.2066E-4 sec

Point{id=id53, cat=HOSPITAL, lat=-35.04204004515945, lon=144.96636571340943}
Point{id=id1267, cat=HOSPITAL, lat=-35.15616079663711, lon=145.00363894224907}
Point{id=id306, cat=HOSPITAL, lat=-35.208280776457826, lon=144.7648671905735}
Point{id=id158, cat=HOSPITAL, lat=-35.17427854417415, lon=144.6664536882912}
Point{id=id589, cat=HOSPITAL, lat=-35.26664627956836, lon=144.98694913157755}

		Search Time = 6.51773E-4 sec

Point{id=id53, cat=HOSPITAL, lat=-35.04204004515945, lon=144.96636571340943}
Point{id=id1267, cat=HOSPITAL, lat=-35.15616079663711, lon=145.00363894224907}
Point{id=id306, cat=HOSPITAL, lat=-35.208280776457826, lon=144.7648671905735}
Point{id=id158, cat=HOSPITAL, lat=-35.17427854417415, lon=144.6664536882912}
Point{id=id589, cat=HOSPITAL, lat=-35.26664627956836, lon=144.98694913157755}
Point{id=id370, cat=HOSPITAL, lat=-34.73007290314176, lon=144.58900514662201}
Point{id=id802, cat=HOSPITAL, lat=-35.21044612502678, lon=144.5266288797801}
Point{id=id382, cat=HOSPITAL, lat=-34.79004882064111, lon=144.42442625889547}
Point{id=id1213, cat=HOSPITAL, lat=-35.14197406472551, lon=144.3779255387986}
Point{id=id1273, cat=HOSPITAL, lat=-34.64370268106393, lon=144.55085887962161}

		Search Time = 7.01845E-4 sec

Point{id=id53, cat=HOSPITAL, lat=-35.04204004515945, lon=144.96636571340943}
Point{id=id1267, cat=HOSPITAL, lat=-35.15616079663711, lon=145.00363894224907}
Point{id=id306, cat=HOSPITAL, lat=-35.208280776457826, lon=144.7648671905735}
Point{id=id158, cat=HOSPITAL, lat=-35.17427854417415, lon=144.6664536882912}
Point{id=id589, cat=HOSPITAL, lat=-35.26664627956836, lon=144.98694913157755}
Point{id=id370, cat=HOSPITAL, lat=-34.73007290314176, lon=144.58900514662201}
Point{id=id802, cat=HOSPITAL, lat=-35.21044612502678, lon=144.5266288797801}
Point{id=id382, cat=HOSPITAL, lat=-34.79004882064111, lon=144.42442625889547}
Point{id=id1213, cat=HOSPITAL, lat=-35.14197406472551, lon=144.3779255387986}
Point{id=id1273, cat=HOSPITAL, lat=-34.64370268106393, lon=144.55085887962161}
Point{id=id503, cat=HOSPITAL, lat=-35.26769320449747, lon=144.3941243795042}
Point{id=id1177, cat=HOSPITAL, lat=-34.82873019825916, lon=145.48294660533978}
Point{id=id886, cat=HOSPITAL, lat=-35.03600113223973, lon=144.2442101291568}
Point{id=id457, cat=HOSPITAL, lat=-34.632420587184114, lon=144.40627752852222}
Point{id=id452, cat=HOSPITAL, lat=-35.54355704972817, lon=144.92909111093022}

		Search Time = 6.8302E-4 sec

Point{id=id53, cat=HOSPITAL, lat=-35.04204004515945, lon=144.96636571340943}
Point{id=id1267, cat=HOSPITAL, lat=-35.15616079663711, lon=145.00363894224907}
Point{id=id306, cat=HOSPITAL, lat=-35.208280776457826, lon=144.7648671905735}
Point{id=id158, cat=HOSPITAL, lat=-35.17427854417415, lon=144.6664536882912}
Point{id=id589, cat=HOSPITAL, lat=-35.26664627956836, lon=144.98694913157755}
Point{id=id370, cat=HOSPITAL, lat=-34.73007290314176, lon=144.58900514662201}
Point{id=id802, cat=HOSPITAL, lat=-35.21044612502678, lon=144.5266288797801}
Point{id=id382, cat=HOSPITAL, lat=-34.79004882064111, lon=144.42442625889547}
Point{id=id1213, cat=HOSPITAL, lat=-35.14197406472551, lon=144.3779255387986}
Point{id=id1273, cat=HOSPITAL, lat=-34.64370268106393, lon=144.55085887962161}
Point{id=id503, cat=HOSPITAL, lat=-35.26769320449747, lon=144.3941243795042}
Point{id=id1177, cat=HOSPITAL, lat=-34.82873019825916, lon=145.48294660533978}
Point{id=id886, cat=HOSPITAL, lat=-35.03600113223973, lon=144.2442101291568}
Point{id=id457, cat=HOSPITAL, lat=-34.632420587184114, lon=144.40627752852222}
Point{id=id452, cat=HOSPITAL, lat=-35.54355704972817, lon=144.92909111093022}
Point{id=id752, cat=HOSPITAL, lat=-34.45348790019615, lon=144.70376504627964}
Point{id=id730, cat=HOSPITAL, lat=-34.42802142050533, lon=144.88653089553188}
Point{id=id903, cat=HOSPITAL, lat=-34.89439121117215, lon=144.1206258178058}
Point{id=id1469, cat=HOSPITAL, lat=-34.78877474616718, lon=145.64707676206666}
Point{id=id1356, cat=HOSPITAL, lat=-35.48955720272896, lon=145.443546357424}

		Search Time = 7.67907E-4 sec

Point{id=id53, cat=HOSPITAL, lat=-35.04204004515945, lon=144.96636571340943}
Point{id=id1267, cat=HOSPITAL, lat=-35.15616079663711, lon=145.00363894224907}
Point{id=id306, cat=HOSPITAL, lat=-35.208280776457826, lon=144.7648671905735}
Point{id=id158, cat=HOSPITAL, lat=-35.17427854417415, lon=144.6664536882912}
Point{id=id589, cat=HOSPITAL, lat=-35.26664627956836, lon=144.98694913157755}
Point{id=id370, cat=HOSPITAL, lat=-34.73007290314176, lon=144.58900514662201}
Point{id=id802, cat=HOSPITAL, lat=-35.21044612502678, lon=144.5266288797801}
Point{id=id382, cat=HOSPITAL, lat=-34.79004882064111, lon=144.42442625889547}
Point{id=id1213, cat=HOSPITAL, lat=-35.14197406472551, lon=144.3779255387986}
Point{id=id1273, cat=HOSPITAL, lat=-34.64370268106393, lon=144.55085887962161}
Point{id=id503, cat=HOSPITAL, lat=-35.26769320449747, lon=144.3941243795042}
Point{id=id1177, cat=HOSPITAL, lat=-34.82873019825916, lon=145.48294660533978}
Point{id=id886, cat=HOSPITAL, lat=-35.03600113223973, lon=144.2442101291568}
Point{id=id457, cat=HOSPITAL, lat=-34.632420587184114, lon=144.40627752852222}
Point{id=id452, cat=HOSPITAL, lat=-35.54355704972817, lon=144.92909111093022}
Point{id=id752, cat=HOSPITAL, lat=-34.45348790019615, lon=144.70376504627964}
Point{id=id730, cat=HOSPITAL, lat=-34.42802142050533, lon=144.88653089553188}
Point{id=id903, cat=HOSPITAL, lat=-34.89439121117215, lon=144.1206258178058}
Point{id=id1469, cat=HOSPITAL, lat=-34.78877474616718, lon=145.64707676206666}
Point{id=id1356, cat=HOSPITAL, lat=-35.48955720272896, lon=145.443546357424}
Point{id=id50, cat=HOSPITAL, lat=-34.70289194477811, lon=144.14694730740462}
Point{id=id948, cat=HOSPITAL, lat=-34.67713127767482, lon=145.6225627478861}
Point{id=id1016, cat=HOSPITAL, lat=-34.44850490884262, lon=144.38940450825376}
Point{id=id202, cat=HOSPITAL, lat=-34.5581962752216, lon=145.5338731282656}
Point{id=id412, cat=HOSPITAL, lat=-34.982911398459166, lon=145.72887553298662}

		Search Time = 8.60104E-4 sec

Point{id=id53, cat=HOSPITAL, lat=-35.04204004515945, lon=144.96636571340943}
Point{id=id1267, cat=HOSPITAL, lat=-35.15616079663711, lon=145.00363894224907}
Point{id=id306, cat=HOSPITAL, lat=-35.208280776457826, lon=144.7648671905735}
Point{id=id158, cat=HOSPITAL, lat=-35.17427854417415, lon=144.6664536882912}
Point{id=id589, cat=HOSPITAL, lat=-35.26664627956836, lon=144.98694913157755}
Point{id=id370, cat=HOSPITAL, lat=-34.73007290314176, lon=144.58900514662201}
Point{id=id802, cat=HOSPITAL, lat=-35.21044612502678, lon=144.5266288797801}
Point{id=id382, cat=HOSPITAL, lat=-34.79004882064111, lon=144.42442625889547}
Point{id=id1213, cat=HOSPITAL, lat=-35.14197406472551, lon=144.3779255387986}
Point{id=id1273, cat=HOSPITAL, lat=-34.64370268106393, lon=144.55085887962161}
Point{id=id503, cat=HOSPITAL, lat=-35.26769320449747, lon=144.3941243795042}
Point{id=id1177, cat=HOSPITAL, lat=-34.82873019825916, lon=145.48294660533978}
Point{id=id886, cat=HOSPITAL, lat=-35.03600113223973, lon=144.2442101291568}
Point{id=id457, cat=HOSPITAL, lat=-34.632420587184114, lon=144.40627752852222}
Point{id=id452, cat=HOSPITAL, lat=-35.54355704972817, lon=144.92909111093022}
Point{id=id752, cat=HOSPITAL, lat=-34.45348790019615, lon=144.70376504627964}
Point{id=id730, cat=HOSPITAL, lat=-34.42802142050533, lon=144.88653089553188}
Point{id=id903, cat=HOSPITAL, lat=-34.89439121117215, lon=144.1206258178058}
Point{id=id1469, cat=HOSPITAL, lat=-34.78877474616718, lon=145.64707676206666}
Point{id=id1356, cat=HOSPITAL, lat=-35.48955720272896, lon=145.443546357424}
Point{id=id50, cat=HOSPITAL, lat=-34.70289194477811, lon=144.14694730740462}
Point{id=id948, cat=HOSPITAL, lat=-34.67713127767482, lon=145.6225627478861}
Point{id=id1016, cat=HOSPITAL, lat=-34.44850490884262, lon=144.38940450825376}
Point{id=id202, cat=HOSPITAL, lat=-34.5581962752216, lon=145.5338731282656}
Point{id=id412, cat=HOSPITAL, lat=-34.982911398459166, lon=145.72887553298662}
Point{id=id636, cat=HOSPITAL, lat=-34.89768364761145, lon=145.72597203492273}
Point{id=id1412, cat=HOSPITAL, lat=-35.23043691384606, lon=144.07921293198814}
Point{id=id1229, cat=HOSPITAL, lat=-34.376225719230305, lon=145.3158253354607}
Point{id=id915, cat=HOSPITAL, lat=-34.39125041935423, lon=144.40024717670934}
Point{id=id1276, cat=HOSPITAL, lat=-35.44782124367921, lon=144.12015664966742}

		Search Time = 7.92869E-4 sec

